#
# There is insufficient memory for the Java Runtime Environment to continue.
# Native memory allocation (malloc) failed to allocate 2087376 bytes. Error detail: Chunk::new
# Possible reasons:
#   The system is out of physical RAM or swap space
#   This process is running with CompressedOops enabled, and the Java Heap may be blocking the growth of the native heap
# Possible solutions:
#   Reduce memory load on the system
#   Increase physical memory or swap space
#   Check if swap backing store is full
#   Decrease Java heap size (-Xmx/-Xms)
#   Decrease number of Java threads
#   Decrease Java thread stack sizes (-Xss)
#   Set larger code cache with -XX:ReservedCodeCacheSize=
#   JVM is running with Unscaled Compressed Oops mode in which the Java heap is
#     placed in the first 4GB address space. The Java Heap base address is the
#     maximum limit for the native heap growth. Please use -XX:HeapBaseMinAddress
#     to set the Java Heap base and to place the Java Heap above 4GB virtual address.
# This output file may be truncated or incomplete.
#
#  Out of Memory Error (arena.cpp:191), pid=17620, tid=27748
#
# JRE version: OpenJDK Runtime Environment Temurin-17.0.15+6 (17.0.15+6) (build 17.0.15+6)
# Java VM: OpenJDK 64-Bit Server VM Temurin-17.0.15+6 (17.0.15+6, mixed mode, sharing, tiered, compressed oops, compressed class ptrs, g1 gc, windows-amd64)
# No core dump will be written. Minidumps are not enabled by default on client versions of Windows
#

---------------  S U M M A R Y ------------

Command Line: --add-opens=java.base/java.lang=ALL-UNNAMED --add-opens=java.base/java.lang.invoke=ALL-UNNAMED --add-opens=java.base/java.util=ALL-UNNAMED --add-opens=java.prefs/java.util.prefs=ALL-UNNAMED --add-exports=jdk.compiler/com.sun.tools.javac.api=ALL-UNNAMED --add-exports=jdk.compiler/com.sun.tools.javac.util=ALL-UNNAMED --add-opens=java.base/java.util=ALL-UNNAMED --add-opens=java.prefs/java.util.prefs=ALL-UNNAMED --add-opens=java.base/java.nio.charset=ALL-UNNAMED --add-opens=java.base/java.net=ALL-UNNAMED --add-opens=java.base/java.util.concurrent.atomic=ALL-UNNAMED --add-opens=java.xml/javax.xml.namespace=ALL-UNNAMED -XX:MaxMetaspaceSize=384m -XX:+HeapDumpOnOutOfMemoryError -Xms256m -Xmx512m -Dfile.encoding=x-windows-949 -Duser.country=KR -Duser.language=ko -Duser.variant -javaagent:C:\Users\wngpwls\.gradle\wrapper\dists\gradle-8.14.3-bin\cv11ve7ro1n3o1j4so8xd9n66\gradle-8.14.3\lib\agents\gradle-instrumentation-agent-8.14.3.jar org.gradle.launcher.daemon.bootstrap.GradleDaemon 8.14.3

Host: 11th Gen Intel(R) Core(TM) i7-1165G7 @ 2.80GHz, 8 cores, 7G,  Windows 11 , 64 bit Build 26100 (10.0.26100.7019)
Time: Mon Nov 17 10:39:58 2025  Windows 11 , 64 bit Build 26100 (10.0.26100.7019) elapsed time: 3.202554 seconds (0d 0h 0m 3s)

---------------  T H R E A D  ---------------

Current thread (0x0000022bfe70bc80):  JavaThread "C2 CompilerThread0" daemon [_thread_in_native, id=27748, stack(0x000000bfd9a00000,0x000000bfd9b00000)]


Current CompileTask:
C2:   3202 2424   !   4       java.lang.ClassLoader::loadClass (121 bytes)

Stack: [0x000000bfd9a00000,0x000000bfd9b00000]
Native frames: (J=compiled Java code, j=interpreted, Vv=VM code, C=native code)
V  [jvm.dll+0x682fc9]
V  [jvm.dll+0x839878]
V  [jvm.dll+0x83b323]
V  [jvm.dll+0x83b993]
V  [jvm.dll+0x24725f]
V  [jvm.dll+0xacea4]
V  [jvm.dll+0xad53c]
V  [jvm.dll+0x365c1f]
V  [jvm.dll+0x32fe58]
V  [jvm.dll+0x32f2da]
V  [jvm.dll+0x21824f]
V  [jvm.dll+0x21768f]
V  [jvm.dll+0x1a31b0]
V  [jvm.dll+0x227a9c]
V  [jvm.dll+0x225bfb]
V  [jvm.dll+0x7ef018]
V  [jvm.dll+0x7e94dc]
V  [jvm.dll+0x681ea7]
C  [ucrtbase.dll+0x37b0]
C  [KERNEL32.DLL+0x2e8d7]
C  [ntdll.dll+0x8c53c]


---------------  P R O C E S S  ---------------

Threads class SMR info:
_java_thread_list=0x0000022b9a768c30, length=25, elements={
0x0000022be1aea7e0, 0x0000022bfe6445e0, 0x0000022bfe6450b0, 0x0000022bfe705540,
0x0000022bfe709e30, 0x0000022bfe70a700, 0x0000022bfe70afd0, 0x0000022bfe70bc80,
0x0000022bfe70c640, 0x0000022bfe710f60, 0x0000022bfe6328a0, 0x0000022bfe8be1f0,
0x0000022b99132bf0, 0x0000022b99768d80, 0x0000022b9a189d70, 0x0000022bfedf9af0,
0x0000022b9950e270, 0x0000022bfeee3140, 0x0000022bfeee3650, 0x0000022bfeee2c30,
0x0000022bfeedfea0, 0x0000022bfeee08c0, 0x0000022bfeee03b0, 0x0000022bfeee0dd0,
0x0000022bfeee12e0
}

Java Threads: ( => current thread )
  0x0000022be1aea7e0 JavaThread "main" [_thread_blocked, id=21928, stack(0x000000bfd8d00000,0x000000bfd8e00000)]
  0x0000022bfe6445e0 JavaThread "Reference Handler" daemon [_thread_blocked, id=21900, stack(0x000000bfd9400000,0x000000bfd9500000)]
  0x0000022bfe6450b0 JavaThread "Finalizer" daemon [_thread_blocked, id=20312, stack(0x000000bfd9500000,0x000000bfd9600000)]
  0x0000022bfe705540 JavaThread "Signal Dispatcher" daemon [_thread_blocked, id=2660, stack(0x000000bfd9600000,0x000000bfd9700000)]
  0x0000022bfe709e30 JavaThread "Attach Listener" daemon [_thread_blocked, id=9652, stack(0x000000bfd9700000,0x000000bfd9800000)]
  0x0000022bfe70a700 JavaThread "Service Thread" daemon [_thread_blocked, id=17108, stack(0x000000bfd9800000,0x000000bfd9900000)]
  0x0000022bfe70afd0 JavaThread "Monitor Deflation Thread" daemon [_thread_blocked, id=13272, stack(0x000000bfd9900000,0x000000bfd9a00000)]
=>0x0000022bfe70bc80 JavaThread "C2 CompilerThread0" daemon [_thread_in_native, id=27748, stack(0x000000bfd9a00000,0x000000bfd9b00000)]
  0x0000022bfe70c640 JavaThread "C1 CompilerThread0" daemon [_thread_blocked, id=16604, stack(0x000000bfd9b00000,0x000000bfd9c00000)]
  0x0000022bfe710f60 JavaThread "Sweeper thread" daemon [_thread_blocked, id=26456, stack(0x000000bfd9c00000,0x000000bfd9d00000)]
  0x0000022bfe6328a0 JavaThread "Common-Cleaner" daemon [_thread_blocked, id=27104, stack(0x000000bfd9d00000,0x000000bfd9e00000)]
  0x0000022bfe8be1f0 JavaThread "Notification Thread" daemon [_thread_blocked, id=28552, stack(0x000000bfd9e00000,0x000000bfd9f00000)]
  0x0000022b99132bf0 JavaThread "Daemon health stats" [_thread_blocked, id=27840, stack(0x000000bfda100000,0x000000bfda200000)]
  0x0000022b99768d80 JavaThread "Incoming local TCP Connector on port 40646" [_thread_in_native, id=19332, stack(0x000000bfda800000,0x000000bfda900000)]
  0x0000022b9a189d70 JavaThread "Daemon periodic checks" [_thread_blocked, id=12420, stack(0x000000bfda900000,0x000000bfdaa00000)]
  0x0000022bfedf9af0 JavaThread "Daemon" [_thread_blocked, id=1604, stack(0x000000bfdaa00000,0x000000bfdab00000)]
  0x0000022b9950e270 JavaThread "Handler for socket connection from /127.0.0.1:40646 to /127.0.0.1:40647" [_thread_in_native, id=8720, stack(0x000000bfdab00000,0x000000bfdac00000)]
  0x0000022bfeee3140 JavaThread "Cancel handler" [_thread_blocked, id=23992, stack(0x000000bfdac00000,0x000000bfdad00000)]
  0x0000022bfeee3650 JavaThread "Daemon worker" [_thread_in_native, id=10036, stack(0x000000bfdad00000,0x000000bfdae00000)]
  0x0000022bfeee2c30 JavaThread "Asynchronous log dispatcher for DefaultDaemonConnection: socket connection from /127.0.0.1:40646 to /127.0.0.1:40647" [_thread_blocked, id=19860, stack(0x000000bfdae00000,0x000000bfdaf00000)]
  0x0000022bfeedfea0 JavaThread "Stdin handler" [_thread_blocked, id=384, stack(0x000000bfdaf00000,0x000000bfdb000000)]
  0x0000022bfeee08c0 JavaThread "Daemon client event forwarder" [_thread_blocked, id=23084, stack(0x000000bfdb000000,0x000000bfdb100000)]
  0x0000022bfeee03b0 JavaThread "Cache worker for journal cache (C:\Users\wngpwls\.gradle\caches\journal-1)" [_thread_blocked, id=14352, stack(0x000000bfdb100000,0x000000bfdb200000)]
  0x0000022bfeee0dd0 JavaThread "File lock request listener" [_thread_in_native, id=20792, stack(0x000000bfdb200000,0x000000bfdb300000)]
  0x0000022bfeee12e0 JavaThread "Cache worker for file hash cache (C:\Users\wngpwls\.gradle\caches\8.14.3\fileHashes)" [_thread_blocked, id=10532, stack(0x000000bfda000000,0x000000bfda100000)]

Other Threads:
  0x0000022bfe641600 VMThread "VM Thread" [stack: 0x000000bfd9300000,0x000000bfd9400000] [id=26524]
  0x0000022be1aeb570 WatcherThread [stack: 0x000000bfd9f00000,0x000000bfda000000] [id=15388]
  0x0000022be1b1af60 GCTaskThread "GC Thread#0" [stack: 0x000000bfd8e00000,0x000000bfd8f00000] [id=16648]
  0x0000022bfedfd4a0 GCTaskThread "GC Thread#1" [stack: 0x000000bfda200000,0x000000bfda300000] [id=12412]
  0x0000022bfedfd760 GCTaskThread "GC Thread#2" [stack: 0x000000bfda300000,0x000000bfda400000] [id=14936]
  0x0000022bff0e5b10 GCTaskThread "GC Thread#3" [stack: 0x000000bfda400000,0x000000bfda500000] [id=20564]
  0x0000022bff0e5dd0 GCTaskThread "GC Thread#4" [stack: 0x000000bfda500000,0x000000bfda600000] [id=28148]
  0x0000022bff0e6090 GCTaskThread "GC Thread#5" [stack: 0x000000bfda600000,0x000000bfda700000] [id=2092]
  0x0000022be1b1fdc0 ConcurrentGCThread "G1 Main Marker" [stack: 0x000000bfd8f00000,0x000000bfd9000000] [id=18076]
  0x0000022be1b21700 ConcurrentGCThread "G1 Conc#0" [stack: 0x000000bfd9000000,0x000000bfd9100000] [id=25868]
  0x0000022be1b9e4d0 ConcurrentGCThread "G1 Refine#0" [stack: 0x000000bfd9100000,0x000000bfd9200000] [id=28272]
  0x0000022bff0e6350 ConcurrentGCThread "G1 Refine#1" [stack: 0x000000bfda700000,0x000000bfda800000] [id=15808]
  0x0000022be1b9ecb0 ConcurrentGCThread "G1 Service" [stack: 0x000000bfd9200000,0x000000bfd9300000] [id=28580]

Threads with active compile tasks:
C2 CompilerThread0     3233 2424   !   4       java.lang.ClassLoader::loadClass (121 bytes)

VM state: not at safepoint (normal execution)

VM Mutex/Monitor currently owned by a thread: None

Heap address: 0x00000000e0000000, size: 512 MB, Compressed Oops mode: 32-bit

CDS archive(s) mapped at: [0x0000022b80000000-0x0000022b80bb0000-0x0000022b80bb0000), size 12255232, SharedBaseAddress: 0x0000022b80000000, ArchiveRelocationMode: 1.
Compressed class space mapped at: 0x0000022b81000000-0x0000022b95000000, reserved size: 335544320
Narrow klass base: 0x0000022b80000000, Narrow klass shift: 0, Narrow klass range: 0x100000000

GC Precious Log:
 CPUs: 8 total, 8 available
 Memory: 7864M
 Large Page Support: Disabled
 NUMA Support: Disabled
 Compressed Oops: Enabled (32-bit)
 Heap Region Size: 1M
 Heap Min Capacity: 256M
 Heap Initial Capacity: 256M
 Heap Max Capacity: 512M
 Pre-touch: Disabled
 Parallel Workers: 8
 Concurrent Workers: 2
 Concurrent Refinement Workers: 8
 Periodic GC: Disabled

Heap:
 garbage-first heap   total 262144K, used 77171K [0x00000000e0000000, 0x0000000100000000)
  region size 1024K, 65 young (66560K), 5 survivors (5120K)
 Metaspace       used 15940K, committed 16256K, reserved 393216K
  class space    used 2227K, committed 2368K, reserved 327680K

Heap Regions: E=young(eden), S=young(survivor), O=old, HS=humongous(starts), HC=humongous(continues), CS=collection set, F=free, OA=open archive, CA=closed archive, TAMS=top-at-mark-start (previous, next)
|   0|0x00000000e0000000, 0x00000000e0100000, 0x00000000e0100000|100%|HS|  |TAMS 0x00000000e0000000, 0x00000000e0000000| Complete 
|   1|0x00000000e0100000, 0x00000000e0200000, 0x00000000e0200000|100%|HC|  |TAMS 0x00000000e0100000, 0x00000000e0100000| Complete 
|   2|0x00000000e0200000, 0x00000000e0300000, 0x00000000e0300000|100%|HC|  |TAMS 0x00000000e0200000, 0x00000000e0200000| Complete 
|   3|0x00000000e0300000, 0x00000000e0400000, 0x00000000e0400000|100%| O|  |TAMS 0x00000000e0300000, 0x00000000e0300000| Untracked 
|   4|0x00000000e0400000, 0x00000000e0500000, 0x00000000e0500000|100%| O|  |TAMS 0x00000000e0400000, 0x00000000e0400000| Untracked 
|   5|0x00000000e0500000, 0x00000000e0600000, 0x00000000e0600000|100%| O|  |TAMS 0x00000000e0500000, 0x00000000e0500000| Untracked 
|   6|0x00000000e0600000, 0x00000000e0700000, 0x00000000e0700000|100%|HS|  |TAMS 0x00000000e0600000, 0x00000000e0600000| Complete 
|   7|0x00000000e0700000, 0x00000000e0700000, 0x00000000e0800000|  0%| F|  |TAMS 0x00000000e0700000, 0x00000000e0700000| Untracked 
|   8|0x00000000e0800000, 0x00000000e0900000, 0x00000000e0900000|100%| O|  |TAMS 0x00000000e0800000, 0x00000000e0800000| Untracked 
|   9|0x00000000e0900000, 0x00000000e0a00000, 0x00000000e0a00000|100%| O|  |TAMS 0x00000000e0900000, 0x00000000e0900000| Untracked 
|  10|0x00000000e0a00000, 0x00000000e0b00000, 0x00000000e0b00000|100%| O|  |TAMS 0x00000000e0a00000, 0x00000000e0a00000| Untracked 
|  11|0x00000000e0b00000, 0x00000000e0c00000, 0x00000000e0c00000|100%| O|  |TAMS 0x00000000e0b00000, 0x00000000e0b00000| Untracked 
|  12|0x00000000e0c00000, 0x00000000e0cce000, 0x00000000e0d00000| 80%| O|  |TAMS 0x00000000e0c00000, 0x00000000e0c00000| Untracked 
|  13|0x00000000e0d00000, 0x00000000e0d00000, 0x00000000e0e00000|  0%| F|  |TAMS 0x00000000e0d00000, 0x00000000e0d00000| Untracked 
|  14|0x00000000e0e00000, 0x00000000e0e00000, 0x00000000e0f00000|  0%| F|  |TAMS 0x00000000e0e00000, 0x00000000e0e00000| Untracked 
|  15|0x00000000e0f00000, 0x00000000e0f00000, 0x00000000e1000000|  0%| F|  |TAMS 0x00000000e0f00000, 0x00000000e0f00000| Untracked 
|  16|0x00000000e1000000, 0x00000000e1000000, 0x00000000e1100000|  0%| F|  |TAMS 0x00000000e1000000, 0x00000000e1000000| Untracked 
|  17|0x00000000e1100000, 0x00000000e1100000, 0x00000000e1200000|  0%| F|  |TAMS 0x00000000e1100000, 0x00000000e1100000| Untracked 
|  18|0x00000000e1200000, 0x00000000e1200000, 0x00000000e1300000|  0%| F|  |TAMS 0x00000000e1200000, 0x00000000e1200000| Untracked 
|  19|0x00000000e1300000, 0x00000000e1300000, 0x00000000e1400000|  0%| F|  |TAMS 0x00000000e1300000, 0x00000000e1300000| Untracked 
|  20|0x00000000e1400000, 0x00000000e1400000, 0x00000000e1500000|  0%| F|  |TAMS 0x00000000e1400000, 0x00000000e1400000| Untracked 
|  21|0x00000000e1500000, 0x00000000e1500000, 0x00000000e1600000|  0%| F|  |TAMS 0x00000000e1500000, 0x00000000e1500000| Untracked 
|  22|0x00000000e1600000, 0x00000000e1600000, 0x00000000e1700000|  0%| F|  |TAMS 0x00000000e1600000, 0x00000000e1600000| Untracked 
|  23|0x00000000e1700000, 0x00000000e1700000, 0x00000000e1800000|  0%| F|  |TAMS 0x00000000e1700000, 0x00000000e1700000| Untracked 
|  24|0x00000000e1800000, 0x00000000e1800000, 0x00000000e1900000|  0%| F|  |TAMS 0x00000000e1800000, 0x00000000e1800000| Untracked 
|  25|0x00000000e1900000, 0x00000000e1900000, 0x00000000e1a00000|  0%| F|  |TAMS 0x00000000e1900000, 0x00000000e1900000| Untracked 
|  26|0x00000000e1a00000, 0x00000000e1a00000, 0x00000000e1b00000|  0%| F|  |TAMS 0x00000000e1a00000, 0x00000000e1a00000| Untracked 
|  27|0x00000000e1b00000, 0x00000000e1b00000, 0x00000000e1c00000|  0%| F|  |TAMS 0x00000000e1b00000, 0x00000000e1b00000| Untracked 
|  28|0x00000000e1c00000, 0x00000000e1c00000, 0x00000000e1d00000|  0%| F|  |TAMS 0x00000000e1c00000, 0x00000000e1c00000| Untracked 
|  29|0x00000000e1d00000, 0x00000000e1d00000, 0x00000000e1e00000|  0%| F|  |TAMS 0x00000000e1d00000, 0x00000000e1d00000| Untracked 
|  30|0x00000000e1e00000, 0x00000000e1e00000, 0x00000000e1f00000|  0%| F|  |TAMS 0x00000000e1e00000, 0x00000000e1e00000| Untracked 
|  31|0x00000000e1f00000, 0x00000000e1f00000, 0x00000000e2000000|  0%| F|  |TAMS 0x00000000e1f00000, 0x00000000e1f00000| Untracked 
|  32|0x00000000e2000000, 0x00000000e2000000, 0x00000000e2100000|  0%| F|  |TAMS 0x00000000e2000000, 0x00000000e2000000| Untracked 
|  33|0x00000000e2100000, 0x00000000e2100000, 0x00000000e2200000|  0%| F|  |TAMS 0x00000000e2100000, 0x00000000e2100000| Untracked 
|  34|0x00000000e2200000, 0x00000000e2200000, 0x00000000e2300000|  0%| F|  |TAMS 0x00000000e2200000, 0x00000000e2200000| Untracked 
|  35|0x00000000e2300000, 0x00000000e2300000, 0x00000000e2400000|  0%| F|  |TAMS 0x00000000e2300000, 0x00000000e2300000| Untracked 
|  36|0x00000000e2400000, 0x00000000e2400000, 0x00000000e2500000|  0%| F|  |TAMS 0x00000000e2400000, 0x00000000e2400000| Untracked 
|  37|0x00000000e2500000, 0x00000000e2500000, 0x00000000e2600000|  0%| F|  |TAMS 0x00000000e2500000, 0x00000000e2500000| Untracked 
|  38|0x00000000e2600000, 0x00000000e2600000, 0x00000000e2700000|  0%| F|  |TAMS 0x00000000e2600000, 0x00000000e2600000| Untracked 
|  39|0x00000000e2700000, 0x00000000e2700000, 0x00000000e2800000|  0%| F|  |TAMS 0x00000000e2700000, 0x00000000e2700000| Untracked 
|  40|0x00000000e2800000, 0x00000000e2800000, 0x00000000e2900000|  0%| F|  |TAMS 0x00000000e2800000, 0x00000000e2800000| Untracked 
|  41|0x00000000e2900000, 0x00000000e2900000, 0x00000000e2a00000|  0%| F|  |TAMS 0x00000000e2900000, 0x00000000e2900000| Untracked 
|  42|0x00000000e2a00000, 0x00000000e2a00000, 0x00000000e2b00000|  0%| F|  |TAMS 0x00000000e2a00000, 0x00000000e2a00000| Untracked 
|  43|0x00000000e2b00000, 0x00000000e2b00000, 0x00000000e2c00000|  0%| F|  |TAMS 0x00000000e2b00000, 0x00000000e2b00000| Untracked 
|  44|0x00000000e2c00000, 0x00000000e2c00000, 0x00000000e2d00000|  0%| F|  |TAMS 0x00000000e2c00000, 0x00000000e2c00000| Untracked 
|  45|0x00000000e2d00000, 0x00000000e2d00000, 0x00000000e2e00000|  0%| F|  |TAMS 0x00000000e2d00000, 0x00000000e2d00000| Untracked 
|  46|0x00000000e2e00000, 0x00000000e2e00000, 0x00000000e2f00000|  0%| F|  |TAMS 0x00000000e2e00000, 0x00000000e2e00000| Untracked 
|  47|0x00000000e2f00000, 0x00000000e2f00000, 0x00000000e3000000|  0%| F|  |TAMS 0x00000000e2f00000, 0x00000000e2f00000| Untracked 
|  48|0x00000000e3000000, 0x00000000e3000000, 0x00000000e3100000|  0%| F|  |TAMS 0x00000000e3000000, 0x00000000e3000000| Untracked 
|  49|0x00000000e3100000, 0x00000000e3100000, 0x00000000e3200000|  0%| F|  |TAMS 0x00000000e3100000, 0x00000000e3100000| Untracked 
|  50|0x00000000e3200000, 0x00000000e3200000, 0x00000000e3300000|  0%| F|  |TAMS 0x00000000e3200000, 0x00000000e3200000| Untracked 
|  51|0x00000000e3300000, 0x00000000e3300000, 0x00000000e3400000|  0%| F|  |TAMS 0x00000000e3300000, 0x00000000e3300000| Untracked 
|  52|0x00000000e3400000, 0x00000000e3400000, 0x00000000e3500000|  0%| F|  |TAMS 0x00000000e3400000, 0x00000000e3400000| Untracked 
|  53|0x00000000e3500000, 0x00000000e3500000, 0x00000000e3600000|  0%| F|  |TAMS 0x00000000e3500000, 0x00000000e3500000| Untracked 
|  54|0x00000000e3600000, 0x00000000e3600000, 0x00000000e3700000|  0%| F|  |TAMS 0x00000000e3600000, 0x00000000e3600000| Untracked 
|  55|0x00000000e3700000, 0x00000000e3700000, 0x00000000e3800000|  0%| F|  |TAMS 0x00000000e3700000, 0x00000000e3700000| Untracked 
|  56|0x00000000e3800000, 0x00000000e3800000, 0x00000000e3900000|  0%| F|  |TAMS 0x00000000e3800000, 0x00000000e3800000| Untracked 
|  57|0x00000000e3900000, 0x00000000e3900000, 0x00000000e3a00000|  0%| F|  |TAMS 0x00000000e3900000, 0x00000000e3900000| Untracked 
|  58|0x00000000e3a00000, 0x00000000e3a00000, 0x00000000e3b00000|  0%| F|  |TAMS 0x00000000e3a00000, 0x00000000e3a00000| Untracked 
|  59|0x00000000e3b00000, 0x00000000e3b00000, 0x00000000e3c00000|  0%| F|  |TAMS 0x00000000e3b00000, 0x00000000e3b00000| Untracked 
|  60|0x00000000e3c00000, 0x00000000e3c00000, 0x00000000e3d00000|  0%| F|  |TAMS 0x00000000e3c00000, 0x00000000e3c00000| Untracked 
|  61|0x00000000e3d00000, 0x00000000e3d00000, 0x00000000e3e00000|  0%| F|  |TAMS 0x00000000e3d00000, 0x00000000e3d00000| Untracked 
|  62|0x00000000e3e00000, 0x00000000e3e00000, 0x00000000e3f00000|  0%| F|  |TAMS 0x00000000e3e00000, 0x00000000e3e00000| Untracked 
|  63|0x00000000e3f00000, 0x00000000e3f00000, 0x00000000e4000000|  0%| F|  |TAMS 0x00000000e3f00000, 0x00000000e3f00000| Untracked 
|  64|0x00000000e4000000, 0x00000000e4000000, 0x00000000e4100000|  0%| F|  |TAMS 0x00000000e4000000, 0x00000000e4000000| Untracked 
|  65|0x00000000e4100000, 0x00000000e4100000, 0x00000000e4200000|  0%| F|  |TAMS 0x00000000e4100000, 0x00000000e4100000| Untracked 
|  66|0x00000000e4200000, 0x00000000e4200000, 0x00000000e4300000|  0%| F|  |TAMS 0x00000000e4200000, 0x00000000e4200000| Untracked 
|  67|0x00000000e4300000, 0x00000000e4300000, 0x00000000e4400000|  0%| F|  |TAMS 0x00000000e4300000, 0x00000000e4300000| Untracked 
|  68|0x00000000e4400000, 0x00000000e4400000, 0x00000000e4500000|  0%| F|  |TAMS 0x00000000e4400000, 0x00000000e4400000| Untracked 
|  69|0x00000000e4500000, 0x00000000e4500000, 0x00000000e4600000|  0%| F|  |TAMS 0x00000000e4500000, 0x00000000e4500000| Untracked 
|  70|0x00000000e4600000, 0x00000000e4600000, 0x00000000e4700000|  0%| F|  |TAMS 0x00000000e4600000, 0x00000000e4600000| Untracked 
|  71|0x00000000e4700000, 0x00000000e4700000, 0x00000000e4800000|  0%| F|  |TAMS 0x00000000e4700000, 0x00000000e4700000| Untracked 
|  72|0x00000000e4800000, 0x00000000e4800000, 0x00000000e4900000|  0%| F|  |TAMS 0x00000000e4800000, 0x00000000e4800000| Untracked 
|  73|0x00000000e4900000, 0x00000000e4900000, 0x00000000e4a00000|  0%| F|  |TAMS 0x00000000e4900000, 0x00000000e4900000| Untracked 
|  74|0x00000000e4a00000, 0x00000000e4a00000, 0x00000000e4b00000|  0%| F|  |TAMS 0x00000000e4a00000, 0x00000000e4a00000| Untracked 
|  75|0x00000000e4b00000, 0x00000000e4b00000, 0x00000000e4c00000|  0%| F|  |TAMS 0x00000000e4b00000, 0x00000000e4b00000| Untracked 
|  76|0x00000000e4c00000, 0x00000000e4c00000, 0x00000000e4d00000|  0%| F|  |TAMS 0x00000000e4c00000, 0x00000000e4c00000| Untracked 
|  77|0x00000000e4d00000, 0x00000000e4d00000, 0x00000000e4e00000|  0%| F|  |TAMS 0x00000000e4d00000, 0x00000000e4d00000| Untracked 
|  78|0x00000000e4e00000, 0x00000000e4e00000, 0x00000000e4f00000|  0%| F|  |TAMS 0x00000000e4e00000, 0x00000000e4e00000| Untracked 
|  79|0x00000000e4f00000, 0x00000000e4f00000, 0x00000000e5000000|  0%| F|  |TAMS 0x00000000e4f00000, 0x00000000e4f00000| Untracked 
|  80|0x00000000e5000000, 0x00000000e5000000, 0x00000000e5100000|  0%| F|  |TAMS 0x00000000e5000000, 0x00000000e5000000| Untracked 
|  81|0x00000000e5100000, 0x00000000e5100000, 0x00000000e5200000|  0%| F|  |TAMS 0x00000000e5100000, 0x00000000e5100000| Untracked 
|  82|0x00000000e5200000, 0x00000000e5200000, 0x00000000e5300000|  0%| F|  |TAMS 0x00000000e5200000, 0x00000000e5200000| Untracked 
|  83|0x00000000e5300000, 0x00000000e5300000, 0x00000000e5400000|  0%| F|  |TAMS 0x00000000e5300000, 0x00000000e5300000| Untracked 
|  84|0x00000000e5400000, 0x00000000e5400000, 0x00000000e5500000|  0%| F|  |TAMS 0x00000000e5400000, 0x00000000e5400000| Untracked 
|  85|0x00000000e5500000, 0x00000000e5500000, 0x00000000e5600000|  0%| F|  |TAMS 0x00000000e5500000, 0x00000000e5500000| Untracked 
|  86|0x00000000e5600000, 0x00000000e5600000, 0x00000000e5700000|  0%| F|  |TAMS 0x00000000e5600000, 0x00000000e5600000| Untracked 
|  87|0x00000000e5700000, 0x00000000e5700000, 0x00000000e5800000|  0%| F|  |TAMS 0x00000000e5700000, 0x00000000e5700000| Untracked 
|  88|0x00000000e5800000, 0x00000000e5800000, 0x00000000e5900000|  0%| F|  |TAMS 0x00000000e5800000, 0x00000000e5800000| Untracked 
|  89|0x00000000e5900000, 0x00000000e5900000, 0x00000000e5a00000|  0%| F|  |TAMS 0x00000000e5900000, 0x00000000e5900000| Untracked 
|  90|0x00000000e5a00000, 0x00000000e5a00000, 0x00000000e5b00000|  0%| F|  |TAMS 0x00000000e5a00000, 0x00000000e5a00000| Untracked 
|  91|0x00000000e5b00000, 0x00000000e5b00000, 0x00000000e5c00000|  0%| F|  |TAMS 0x00000000e5b00000, 0x00000000e5b00000| Untracked 
|  92|0x00000000e5c00000, 0x00000000e5c00000, 0x00000000e5d00000|  0%| F|  |TAMS 0x00000000e5c00000, 0x00000000e5c00000| Untracked 
|  93|0x00000000e5d00000, 0x00000000e5d00000, 0x00000000e5e00000|  0%| F|  |TAMS 0x00000000e5d00000, 0x00000000e5d00000| Untracked 
|  94|0x00000000e5e00000, 0x00000000e5e00000, 0x00000000e5f00000|  0%| F|  |TAMS 0x00000000e5e00000, 0x00000000e5e00000| Untracked 
|  95|0x00000000e5f00000, 0x00000000e5f00000, 0x00000000e6000000|  0%| F|  |TAMS 0x00000000e5f00000, 0x00000000e5f00000| Untracked 
|  96|0x00000000e6000000, 0x00000000e6000000, 0x00000000e6100000|  0%| F|  |TAMS 0x00000000e6000000, 0x00000000e6000000| Untracked 
|  97|0x00000000e6100000, 0x00000000e6100000, 0x00000000e6200000|  0%| F|  |TAMS 0x00000000e6100000, 0x00000000e6100000| Untracked 
|  98|0x00000000e6200000, 0x00000000e6200000, 0x00000000e6300000|  0%| F|  |TAMS 0x00000000e6200000, 0x00000000e6200000| Untracked 
|  99|0x00000000e6300000, 0x00000000e6300000, 0x00000000e6400000|  0%| F|  |TAMS 0x00000000e6300000, 0x00000000e6300000| Untracked 
| 100|0x00000000e6400000, 0x00000000e6400000, 0x00000000e6500000|  0%| F|  |TAMS 0x00000000e6400000, 0x00000000e6400000| Untracked 
| 101|0x00000000e6500000, 0x00000000e6500000, 0x00000000e6600000|  0%| F|  |TAMS 0x00000000e6500000, 0x00000000e6500000| Untracked 
| 102|0x00000000e6600000, 0x00000000e6600000, 0x00000000e6700000|  0%| F|  |TAMS 0x00000000e6600000, 0x00000000e6600000| Untracked 
| 103|0x00000000e6700000, 0x00000000e6700000, 0x00000000e6800000|  0%| F|  |TAMS 0x00000000e6700000, 0x00000000e6700000| Untracked 
| 104|0x00000000e6800000, 0x00000000e6800000, 0x00000000e6900000|  0%| F|  |TAMS 0x00000000e6800000, 0x00000000e6800000| Untracked 
| 105|0x00000000e6900000, 0x00000000e6900000, 0x00000000e6a00000|  0%| F|  |TAMS 0x00000000e6900000, 0x00000000e6900000| Untracked 
| 106|0x00000000e6a00000, 0x00000000e6a00000, 0x00000000e6b00000|  0%| F|  |TAMS 0x00000000e6a00000, 0x00000000e6a00000| Untracked 
| 107|0x00000000e6b00000, 0x00000000e6b00000, 0x00000000e6c00000|  0%| F|  |TAMS 0x00000000e6b00000, 0x00000000e6b00000| Untracked 
| 108|0x00000000e6c00000, 0x00000000e6c00000, 0x00000000e6d00000|  0%| F|  |TAMS 0x00000000e6c00000, 0x00000000e6c00000| Untracked 
| 109|0x00000000e6d00000, 0x00000000e6d00000, 0x00000000e6e00000|  0%| F|  |TAMS 0x00000000e6d00000, 0x00000000e6d00000| Untracked 
| 110|0x00000000e6e00000, 0x00000000e6e00000, 0x00000000e6f00000|  0%| F|  |TAMS 0x00000000e6e00000, 0x00000000e6e00000| Untracked 
| 111|0x00000000e6f00000, 0x00000000e6f00000, 0x00000000e7000000|  0%| F|  |TAMS 0x00000000e6f00000, 0x00000000e6f00000| Untracked 
| 112|0x00000000e7000000, 0x00000000e7000000, 0x00000000e7100000|  0%| F|  |TAMS 0x00000000e7000000, 0x00000000e7000000| Untracked 
| 113|0x00000000e7100000, 0x00000000e7100000, 0x00000000e7200000|  0%| F|  |TAMS 0x00000000e7100000, 0x00000000e7100000| Untracked 
| 114|0x00000000e7200000, 0x00000000e7200000, 0x00000000e7300000|  0%| F|  |TAMS 0x00000000e7200000, 0x00000000e7200000| Untracked 
| 115|0x00000000e7300000, 0x00000000e7300000, 0x00000000e7400000|  0%| F|  |TAMS 0x00000000e7300000, 0x00000000e7300000| Untracked 
| 116|0x00000000e7400000, 0x00000000e7400000, 0x00000000e7500000|  0%| F|  |TAMS 0x00000000e7400000, 0x00000000e7400000| Untracked 
| 117|0x00000000e7500000, 0x00000000e7500000, 0x00000000e7600000|  0%| F|  |TAMS 0x00000000e7500000, 0x00000000e7500000| Untracked 
| 118|0x00000000e7600000, 0x00000000e7600000, 0x00000000e7700000|  0%| F|  |TAMS 0x00000000e7600000, 0x00000000e7600000| Untracked 
| 119|0x00000000e7700000, 0x00000000e7700000, 0x00000000e7800000|  0%| F|  |TAMS 0x00000000e7700000, 0x00000000e7700000| Untracked 
| 120|0x00000000e7800000, 0x00000000e7800000, 0x00000000e7900000|  0%| F|  |TAMS 0x00000000e7800000, 0x00000000e7800000| Untracked 
| 121|0x00000000e7900000, 0x00000000e7900000, 0x00000000e7a00000|  0%| F|  |TAMS 0x00000000e7900000, 0x00000000e7900000| Untracked 
| 122|0x00000000e7a00000, 0x00000000e7a00000, 0x00000000e7b00000|  0%| F|  |TAMS 0x00000000e7a00000, 0x00000000e7a00000| Untracked 
| 123|0x00000000e7b00000, 0x00000000e7b00000, 0x00000000e7c00000|  0%| F|  |TAMS 0x00000000e7b00000, 0x00000000e7b00000| Untracked 
| 124|0x00000000e7c00000, 0x00000000e7c00000, 0x00000000e7d00000|  0%| F|  |TAMS 0x00000000e7c00000, 0x00000000e7c00000| Untracked 
| 125|0x00000000e7d00000, 0x00000000e7d00000, 0x00000000e7e00000|  0%| F|  |TAMS 0x00000000e7d00000, 0x00000000e7d00000| Untracked 
| 126|0x00000000e7e00000, 0x00000000e7e00000, 0x00000000e7f00000|  0%| F|  |TAMS 0x00000000e7e00000, 0x00000000e7e00000| Untracked 
| 127|0x00000000e7f00000, 0x00000000e7f00000, 0x00000000e8000000|  0%| F|  |TAMS 0x00000000e7f00000, 0x00000000e7f00000| Untracked 
| 128|0x00000000e8000000, 0x00000000e8000000, 0x00000000e8100000|  0%| F|  |TAMS 0x00000000e8000000, 0x00000000e8000000| Untracked 
| 129|0x00000000e8100000, 0x00000000e8100000, 0x00000000e8200000|  0%| F|  |TAMS 0x00000000e8100000, 0x00000000e8100000| Untracked 
| 130|0x00000000e8200000, 0x00000000e8200000, 0x00000000e8300000|  0%| F|  |TAMS 0x00000000e8200000, 0x00000000e8200000| Untracked 
| 131|0x00000000e8300000, 0x00000000e8300000, 0x00000000e8400000|  0%| F|  |TAMS 0x00000000e8300000, 0x00000000e8300000| Untracked 
| 132|0x00000000e8400000, 0x00000000e8400000, 0x00000000e8500000|  0%| F|  |TAMS 0x00000000e8400000, 0x00000000e8400000| Untracked 
| 133|0x00000000e8500000, 0x00000000e8500000, 0x00000000e8600000|  0%| F|  |TAMS 0x00000000e8500000, 0x00000000e8500000| Untracked 
| 134|0x00000000e8600000, 0x00000000e8600000, 0x00000000e8700000|  0%| F|  |TAMS 0x00000000e8600000, 0x00000000e8600000| Untracked 
| 135|0x00000000e8700000, 0x00000000e8700000, 0x00000000e8800000|  0%| F|  |TAMS 0x00000000e8700000, 0x00000000e8700000| Untracked 
| 136|0x00000000e8800000, 0x00000000e8800000, 0x00000000e8900000|  0%| F|  |TAMS 0x00000000e8800000, 0x00000000e8800000| Untracked 
| 137|0x00000000e8900000, 0x00000000e8900000, 0x00000000e8a00000|  0%| F|  |TAMS 0x00000000e8900000, 0x00000000e8900000| Untracked 
| 138|0x00000000e8a00000, 0x00000000e8a00000, 0x00000000e8b00000|  0%| F|  |TAMS 0x00000000e8a00000, 0x00000000e8a00000| Untracked 
| 139|0x00000000e8b00000, 0x00000000e8b00000, 0x00000000e8c00000|  0%| F|  |TAMS 0x00000000e8b00000, 0x00000000e8b00000| Untracked 
| 140|0x00000000e8c00000, 0x00000000e8c00000, 0x00000000e8d00000|  0%| F|  |TAMS 0x00000000e8c00000, 0x00000000e8c00000| Untracked 
| 141|0x00000000e8d00000, 0x00000000e8d00000, 0x00000000e8e00000|  0%| F|  |TAMS 0x00000000e8d00000, 0x00000000e8d00000| Untracked 
| 142|0x00000000e8e00000, 0x00000000e8e00000, 0x00000000e8f00000|  0%| F|  |TAMS 0x00000000e8e00000, 0x00000000e8e00000| Untracked 
| 143|0x00000000e8f00000, 0x00000000e8f00000, 0x00000000e9000000|  0%| F|  |TAMS 0x00000000e8f00000, 0x00000000e8f00000| Untracked 
| 144|0x00000000e9000000, 0x00000000e9000000, 0x00000000e9100000|  0%| F|  |TAMS 0x00000000e9000000, 0x00000000e9000000| Untracked 
| 145|0x00000000e9100000, 0x00000000e9100000, 0x00000000e9200000|  0%| F|  |TAMS 0x00000000e9100000, 0x00000000e9100000| Untracked 
| 146|0x00000000e9200000, 0x00000000e9200000, 0x00000000e9300000|  0%| F|  |TAMS 0x00000000e9200000, 0x00000000e9200000| Untracked 
| 147|0x00000000e9300000, 0x00000000e9300000, 0x00000000e9400000|  0%| F|  |TAMS 0x00000000e9300000, 0x00000000e9300000| Untracked 
| 148|0x00000000e9400000, 0x00000000e9400000, 0x00000000e9500000|  0%| F|  |TAMS 0x00000000e9400000, 0x00000000e9400000| Untracked 
| 149|0x00000000e9500000, 0x00000000e9500000, 0x00000000e9600000|  0%| F|  |TAMS 0x00000000e9500000, 0x00000000e9500000| Untracked 
| 150|0x00000000e9600000, 0x00000000e9600000, 0x00000000e9700000|  0%| F|  |TAMS 0x00000000e9600000, 0x00000000e9600000| Untracked 
| 151|0x00000000e9700000, 0x00000000e9700000, 0x00000000e9800000|  0%| F|  |TAMS 0x00000000e9700000, 0x00000000e9700000| Untracked 
| 152|0x00000000e9800000, 0x00000000e9800000, 0x00000000e9900000|  0%| F|  |TAMS 0x00000000e9800000, 0x00000000e9800000| Untracked 
| 153|0x00000000e9900000, 0x00000000e9900000, 0x00000000e9a00000|  0%| F|  |TAMS 0x00000000e9900000, 0x00000000e9900000| Untracked 
| 154|0x00000000e9a00000, 0x00000000e9a00000, 0x00000000e9b00000|  0%| F|  |TAMS 0x00000000e9a00000, 0x00000000e9a00000| Untracked 
| 155|0x00000000e9b00000, 0x00000000e9b00000, 0x00000000e9c00000|  0%| F|  |TAMS 0x00000000e9b00000, 0x00000000e9b00000| Untracked 
| 156|0x00000000e9c00000, 0x00000000e9c00000, 0x00000000e9d00000|  0%| F|  |TAMS 0x00000000e9c00000, 0x00000000e9c00000| Untracked 
| 157|0x00000000e9d00000, 0x00000000e9d00000, 0x00000000e9e00000|  0%| F|  |TAMS 0x00000000e9d00000, 0x00000000e9d00000| Untracked 
| 158|0x00000000e9e00000, 0x00000000e9e00000, 0x00000000e9f00000|  0%| F|  |TAMS 0x00000000e9e00000, 0x00000000e9e00000| Untracked 
| 159|0x00000000e9f00000, 0x00000000e9f00000, 0x00000000ea000000|  0%| F|  |TAMS 0x00000000e9f00000, 0x00000000e9f00000| Untracked 
| 160|0x00000000ea000000, 0x00000000ea000000, 0x00000000ea100000|  0%| F|  |TAMS 0x00000000ea000000, 0x00000000ea000000| Untracked 
| 161|0x00000000ea100000, 0x00000000ea100000, 0x00000000ea200000|  0%| F|  |TAMS 0x00000000ea100000, 0x00000000ea100000| Untracked 
| 162|0x00000000ea200000, 0x00000000ea200000, 0x00000000ea300000|  0%| F|  |TAMS 0x00000000ea200000, 0x00000000ea200000| Untracked 
| 163|0x00000000ea300000, 0x00000000ea300000, 0x00000000ea400000|  0%| F|  |TAMS 0x00000000ea300000, 0x00000000ea300000| Untracked 
| 164|0x00000000ea400000, 0x00000000ea400000, 0x00000000ea500000|  0%| F|  |TAMS 0x00000000ea400000, 0x00000000ea400000| Untracked 
| 165|0x00000000ea500000, 0x00000000ea500000, 0x00000000ea600000|  0%| F|  |TAMS 0x00000000ea500000, 0x00000000ea500000| Untracked 
| 166|0x00000000ea600000, 0x00000000ea600000, 0x00000000ea700000|  0%| F|  |TAMS 0x00000000ea600000, 0x00000000ea600000| Untracked 
| 167|0x00000000ea700000, 0x00000000ea700000, 0x00000000ea800000|  0%| F|  |TAMS 0x00000000ea700000, 0x00000000ea700000| Untracked 
| 168|0x00000000ea800000, 0x00000000ea800000, 0x00000000ea900000|  0%| F|  |TAMS 0x00000000ea800000, 0x00000000ea800000| Untracked 
| 169|0x00000000ea900000, 0x00000000ea900000, 0x00000000eaa00000|  0%| F|  |TAMS 0x00000000ea900000, 0x00000000ea900000| Untracked 
| 170|0x00000000eaa00000, 0x00000000eaa00000, 0x00000000eab00000|  0%| F|  |TAMS 0x00000000eaa00000, 0x00000000eaa00000| Untracked 
| 171|0x00000000eab00000, 0x00000000eab00000, 0x00000000eac00000|  0%| F|  |TAMS 0x00000000eab00000, 0x00000000eab00000| Untracked 
| 172|0x00000000eac00000, 0x00000000eac00000, 0x00000000ead00000|  0%| F|  |TAMS 0x00000000eac00000, 0x00000000eac00000| Untracked 
| 173|0x00000000ead00000, 0x00000000ead00000, 0x00000000eae00000|  0%| F|  |TAMS 0x00000000ead00000, 0x00000000ead00000| Untracked 
| 174|0x00000000eae00000, 0x00000000eae00000, 0x00000000eaf00000|  0%| F|  |TAMS 0x00000000eae00000, 0x00000000eae00000| Untracked 
| 175|0x00000000eaf00000, 0x00000000eaf00000, 0x00000000eb000000|  0%| F|  |TAMS 0x00000000eaf00000, 0x00000000eaf00000| Untracked 
| 176|0x00000000eb000000, 0x00000000eb000000, 0x00000000eb100000|  0%| F|  |TAMS 0x00000000eb000000, 0x00000000eb000000| Untracked 
| 177|0x00000000eb100000, 0x00000000eb100000, 0x00000000eb200000|  0%| F|  |TAMS 0x00000000eb100000, 0x00000000eb100000| Untracked 
| 178|0x00000000eb200000, 0x00000000eb200000, 0x00000000eb300000|  0%| F|  |TAMS 0x00000000eb200000, 0x00000000eb200000| Untracked 
| 179|0x00000000eb300000, 0x00000000eb300000, 0x00000000eb400000|  0%| F|  |TAMS 0x00000000eb300000, 0x00000000eb300000| Untracked 
| 180|0x00000000eb400000, 0x00000000eb400000, 0x00000000eb500000|  0%| F|  |TAMS 0x00000000eb400000, 0x00000000eb400000| Untracked 
| 181|0x00000000eb500000, 0x00000000eb500000, 0x00000000eb600000|  0%| F|  |TAMS 0x00000000eb500000, 0x00000000eb500000| Untracked 
| 182|0x00000000eb600000, 0x00000000eb600000, 0x00000000eb700000|  0%| F|  |TAMS 0x00000000eb600000, 0x00000000eb600000| Untracked 
| 183|0x00000000eb700000, 0x00000000eb700000, 0x00000000eb800000|  0%| F|  |TAMS 0x00000000eb700000, 0x00000000eb700000| Untracked 
| 184|0x00000000eb800000, 0x00000000eb800000, 0x00000000eb900000|  0%| F|  |TAMS 0x00000000eb800000, 0x00000000eb800000| Untracked 
| 185|0x00000000eb900000, 0x00000000eb900000, 0x00000000eba00000|  0%| F|  |TAMS 0x00000000eb900000, 0x00000000eb900000| Untracked 
| 186|0x00000000eba00000, 0x00000000eba00000, 0x00000000ebb00000|  0%| F|  |TAMS 0x00000000eba00000, 0x00000000eba00000| Untracked 
| 187|0x00000000ebb00000, 0x00000000ebb00000, 0x00000000ebc00000|  0%| F|  |TAMS 0x00000000ebb00000, 0x00000000ebb00000| Untracked 
| 188|0x00000000ebc00000, 0x00000000ebc00000, 0x00000000ebd00000|  0%| F|  |TAMS 0x00000000ebc00000, 0x00000000ebc00000| Untracked 
| 189|0x00000000ebd00000, 0x00000000ebd00000, 0x00000000ebe00000|  0%| F|  |TAMS 0x00000000ebd00000, 0x00000000ebd00000| Untracked 
| 190|0x00000000ebe00000, 0x00000000ebe00000, 0x00000000ebf00000|  0%| F|  |TAMS 0x00000000ebe00000, 0x00000000ebe00000| Untracked 
| 191|0x00000000ebf00000, 0x00000000ec000000, 0x00000000ec000000|100%| E|  |TAMS 0x00000000ebf00000, 0x00000000ebf00000| Complete 
| 192|0x00000000ec000000, 0x00000000ec100000, 0x00000000ec100000|100%| E|CS|TAMS 0x00000000ec000000, 0x00000000ec000000| Complete 
| 193|0x00000000ec100000, 0x00000000ec200000, 0x00000000ec200000|100%| E|CS|TAMS 0x00000000ec100000, 0x00000000ec100000| Complete 
| 194|0x00000000ec200000, 0x00000000ec28ed00, 0x00000000ec300000| 55%| S|CS|TAMS 0x00000000ec200000, 0x00000000ec200000| Complete 
| 195|0x00000000ec300000, 0x00000000ec400000, 0x00000000ec400000|100%| S|CS|TAMS 0x00000000ec300000, 0x00000000ec300000| Complete 
| 196|0x00000000ec400000, 0x00000000ec500000, 0x00000000ec500000|100%| S|CS|TAMS 0x00000000ec400000, 0x00000000ec400000| Complete 
| 197|0x00000000ec500000, 0x00000000ec600000, 0x00000000ec600000|100%| S|CS|TAMS 0x00000000ec500000, 0x00000000ec500000| Complete 
| 198|0x00000000ec600000, 0x00000000ec700000, 0x00000000ec700000|100%| S|CS|TAMS 0x00000000ec600000, 0x00000000ec600000| Complete 
| 199|0x00000000ec700000, 0x00000000ec800000, 0x00000000ec800000|100%| E|CS|TAMS 0x00000000ec700000, 0x00000000ec700000| Complete 
| 200|0x00000000ec800000, 0x00000000ec900000, 0x00000000ec900000|100%| E|CS|TAMS 0x00000000ec800000, 0x00000000ec800000| Complete 
| 201|0x00000000ec900000, 0x00000000eca00000, 0x00000000eca00000|100%| E|CS|TAMS 0x00000000ec900000, 0x00000000ec900000| Complete 
| 202|0x00000000eca00000, 0x00000000ecb00000, 0x00000000ecb00000|100%| E|CS|TAMS 0x00000000eca00000, 0x00000000eca00000| Complete 
| 203|0x00000000ecb00000, 0x00000000ecc00000, 0x00000000ecc00000|100%| E|CS|TAMS 0x00000000ecb00000, 0x00000000ecb00000| Complete 
| 204|0x00000000ecc00000, 0x00000000ecd00000, 0x00000000ecd00000|100%| E|CS|TAMS 0x00000000ecc00000, 0x00000000ecc00000| Complete 
| 205|0x00000000ecd00000, 0x00000000ece00000, 0x00000000ece00000|100%| E|CS|TAMS 0x00000000ecd00000, 0x00000000ecd00000| Complete 
| 206|0x00000000ece00000, 0x00000000ecf00000, 0x00000000ecf00000|100%| E|CS|TAMS 0x00000000ece00000, 0x00000000ece00000| Complete 
| 207|0x00000000ecf00000, 0x00000000ed000000, 0x00000000ed000000|100%| E|CS|TAMS 0x00000000ecf00000, 0x00000000ecf00000| Complete 
| 208|0x00000000ed000000, 0x00000000ed100000, 0x00000000ed100000|100%| E|CS|TAMS 0x00000000ed000000, 0x00000000ed000000| Complete 
| 209|0x00000000ed100000, 0x00000000ed200000, 0x00000000ed200000|100%| E|CS|TAMS 0x00000000ed100000, 0x00000000ed100000| Complete 
| 210|0x00000000ed200000, 0x00000000ed300000, 0x00000000ed300000|100%| E|CS|TAMS 0x00000000ed200000, 0x00000000ed200000| Complete 
| 211|0x00000000ed300000, 0x00000000ed400000, 0x00000000ed400000|100%| E|CS|TAMS 0x00000000ed300000, 0x00000000ed300000| Complete 
| 212|0x00000000ed400000, 0x00000000ed500000, 0x00000000ed500000|100%| E|CS|TAMS 0x00000000ed400000, 0x00000000ed400000| Complete 
| 213|0x00000000ed500000, 0x00000000ed600000, 0x00000000ed600000|100%| E|CS|TAMS 0x00000000ed500000, 0x00000000ed500000| Complete 
| 214|0x00000000ed600000, 0x00000000ed700000, 0x00000000ed700000|100%| E|CS|TAMS 0x00000000ed600000, 0x00000000ed600000| Complete 
| 215|0x00000000ed700000, 0x00000000ed800000, 0x00000000ed800000|100%| E|CS|TAMS 0x00000000ed700000, 0x00000000ed700000| Complete 
| 216|0x00000000ed800000, 0x00000000ed900000, 0x00000000ed900000|100%| E|CS|TAMS 0x00000000ed800000, 0x00000000ed800000| Complete 
| 217|0x00000000ed900000, 0x00000000eda00000, 0x00000000eda00000|100%| E|CS|TAMS 0x00000000ed900000, 0x00000000ed900000| Complete 
| 218|0x00000000eda00000, 0x00000000edb00000, 0x00000000edb00000|100%| E|CS|TAMS 0x00000000eda00000, 0x00000000eda00000| Complete 
| 219|0x00000000edb00000, 0x00000000edc00000, 0x00000000edc00000|100%| E|CS|TAMS 0x00000000edb00000, 0x00000000edb00000| Complete 
| 220|0x00000000edc00000, 0x00000000edd00000, 0x00000000edd00000|100%| E|CS|TAMS 0x00000000edc00000, 0x00000000edc00000| Complete 
| 221|0x00000000edd00000, 0x00000000ede00000, 0x00000000ede00000|100%| E|CS|TAMS 0x00000000edd00000, 0x00000000edd00000| Complete 
| 222|0x00000000ede00000, 0x00000000edf00000, 0x00000000edf00000|100%| E|CS|TAMS 0x00000000ede00000, 0x00000000ede00000| Complete 
| 223|0x00000000edf00000, 0x00000000ee000000, 0x00000000ee000000|100%| E|CS|TAMS 0x00000000edf00000, 0x00000000edf00000| Complete 
| 224|0x00000000ee000000, 0x00000000ee100000, 0x00000000ee100000|100%| E|CS|TAMS 0x00000000ee000000, 0x00000000ee000000| Complete 
| 225|0x00000000ee100000, 0x00000000ee200000, 0x00000000ee200000|100%| E|CS|TAMS 0x00000000ee100000, 0x00000000ee100000| Complete 
| 226|0x00000000ee200000, 0x00000000ee300000, 0x00000000ee300000|100%| E|CS|TAMS 0x00000000ee200000, 0x00000000ee200000| Complete 
| 227|0x00000000ee300000, 0x00000000ee400000, 0x00000000ee400000|100%| E|CS|TAMS 0x00000000ee300000, 0x00000000ee300000| Complete 
| 228|0x00000000ee400000, 0x00000000ee500000, 0x00000000ee500000|100%| E|CS|TAMS 0x00000000ee400000, 0x00000000ee400000| Complete 
| 229|0x00000000ee500000, 0x00000000ee600000, 0x00000000ee600000|100%| E|CS|TAMS 0x00000000ee500000, 0x00000000ee500000| Complete 
| 230|0x00000000ee600000, 0x00000000ee700000, 0x00000000ee700000|100%| E|CS|TAMS 0x00000000ee600000, 0x00000000ee600000| Complete 
| 231|0x00000000ee700000, 0x00000000ee800000, 0x00000000ee800000|100%| E|CS|TAMS 0x00000000ee700000, 0x00000000ee700000| Complete 
| 232|0x00000000ee800000, 0x00000000ee900000, 0x00000000ee900000|100%| E|CS|TAMS 0x00000000ee800000, 0x00000000ee800000| Complete 
| 233|0x00000000ee900000, 0x00000000eea00000, 0x00000000eea00000|100%| E|CS|TAMS 0x00000000ee900000, 0x00000000ee900000| Complete 
| 234|0x00000000eea00000, 0x00000000eeb00000, 0x00000000eeb00000|100%| E|CS|TAMS 0x00000000eea00000, 0x00000000eea00000| Complete 
| 235|0x00000000eeb00000, 0x00000000eec00000, 0x00000000eec00000|100%| E|CS|TAMS 0x00000000eeb00000, 0x00000000eeb00000| Complete 
| 236|0x00000000eec00000, 0x00000000eed00000, 0x00000000eed00000|100%| E|CS|TAMS 0x00000000eec00000, 0x00000000eec00000| Complete 
| 237|0x00000000eed00000, 0x00000000eee00000, 0x00000000eee00000|100%| E|CS|TAMS 0x00000000eed00000, 0x00000000eed00000| Complete 
| 238|0x00000000eee00000, 0x00000000eef00000, 0x00000000eef00000|100%| E|CS|TAMS 0x00000000eee00000, 0x00000000eee00000| Complete 
| 239|0x00000000eef00000, 0x00000000ef000000, 0x00000000ef000000|100%| E|CS|TAMS 0x00000000eef00000, 0x00000000eef00000| Complete 
| 240|0x00000000ef000000, 0x00000000ef100000, 0x00000000ef100000|100%| E|CS|TAMS 0x00000000ef000000, 0x00000000ef000000| Complete 
| 241|0x00000000ef100000, 0x00000000ef200000, 0x00000000ef200000|100%| E|CS|TAMS 0x00000000ef100000, 0x00000000ef100000| Complete 
| 242|0x00000000ef200000, 0x00000000ef300000, 0x00000000ef300000|100%| E|CS|TAMS 0x00000000ef200000, 0x00000000ef200000| Complete 
| 243|0x00000000ef300000, 0x00000000ef400000, 0x00000000ef400000|100%| E|CS|TAMS 0x00000000ef300000, 0x00000000ef300000| Complete 
| 244|0x00000000ef400000, 0x00000000ef500000, 0x00000000ef500000|100%| E|CS|TAMS 0x00000000ef400000, 0x00000000ef400000| Complete 
| 245|0x00000000ef500000, 0x00000000ef600000, 0x00000000ef600000|100%| E|CS|TAMS 0x00000000ef500000, 0x00000000ef500000| Complete 
| 246|0x00000000ef600000, 0x00000000ef700000, 0x00000000ef700000|100%| E|CS|TAMS 0x00000000ef600000, 0x00000000ef600000| Complete 
| 247|0x00000000ef700000, 0x00000000ef800000, 0x00000000ef800000|100%| E|CS|TAMS 0x00000000ef700000, 0x00000000ef700000| Complete 
| 248|0x00000000ef800000, 0x00000000ef900000, 0x00000000ef900000|100%| E|CS|TAMS 0x00000000ef800000, 0x00000000ef800000| Complete 
| 249|0x00000000ef900000, 0x00000000efa00000, 0x00000000efa00000|100%| E|CS|TAMS 0x00000000ef900000, 0x00000000ef900000| Complete 
| 250|0x00000000efa00000, 0x00000000efb00000, 0x00000000efb00000|100%| E|CS|TAMS 0x00000000efa00000, 0x00000000efa00000| Complete 
| 251|0x00000000efb00000, 0x00000000efc00000, 0x00000000efc00000|100%| E|CS|TAMS 0x00000000efb00000, 0x00000000efb00000| Complete 
| 252|0x00000000efc00000, 0x00000000efd00000, 0x00000000efd00000|100%| E|CS|TAMS 0x00000000efc00000, 0x00000000efc00000| Complete 
| 253|0x00000000efd00000, 0x00000000efe00000, 0x00000000efe00000|100%| E|CS|TAMS 0x00000000efd00000, 0x00000000efd00000| Complete 
| 254|0x00000000efe00000, 0x00000000eff00000, 0x00000000eff00000|100%| E|CS|TAMS 0x00000000efe00000, 0x00000000efe00000| Complete 
| 255|0x00000000eff00000, 0x00000000f0000000, 0x00000000f0000000|100%| E|CS|TAMS 0x00000000eff00000, 0x00000000eff00000| Complete 

Card table byte_map: [0x0000022bfa9b0000,0x0000022bfaab0000] _byte_map_base: 0x0000022bfa2b0000

Marking Bits (Prev, Next): (CMBitMap*) 0x0000022be1b1b490, (CMBitMap*) 0x0000022be1b1b4d0
 Prev Bits: [0x0000022bfabb0000, 0x0000022bfb3b0000)
 Next Bits: [0x0000022bfb3b0000, 0x0000022bfbbb0000)

Polling page: 0x0000022be18b0000

Metaspace:

Usage:
  Non-class:     13.48 MB used.
      Class:      2.19 MB used.
       Both:     15.67 MB used.

Virtual space:
  Non-class space:       64.00 MB reserved,      13.69 MB ( 21%) committed,  1 nodes.
      Class space:      320.00 MB reserved,       2.31 MB ( <1%) committed,  1 nodes.
             Both:      384.00 MB reserved,      16.00 MB (  4%) committed. 

Chunk freelists:
   Non-Class:  1.86 MB
       Class:  13.66 MB
        Both:  15.52 MB

MaxMetaspaceSize: 384.00 MB
CompressedClassSpaceSize: 320.00 MB
Initial GC threshold: 21.00 MB
Current GC threshold: 21.00 MB
CDS: on
MetaspaceReclaimPolicy: balanced
 - commit_granule_bytes: 65536.
 - commit_granule_words: 8192.
 - virtual_space_node_default_size: 8388608.
 - enlarge_chunks_in_place: 1.
 - new_chunks_are_fully_committed: 0.
 - uncommit_free_chunks: 1.
 - use_allocation_guard: 0.
 - handle_deallocations: 1.


Internal statistics:

num_allocs_failed_limit: 0.
num_arena_births: 188.
num_arena_deaths: 0.
num_vsnodes_births: 2.
num_vsnodes_deaths: 0.
num_space_committed: 256.
num_space_uncommitted: 0.
num_chunks_returned_to_freelist: 0.
num_chunks_taken_from_freelist: 704.
num_chunk_merges: 0.
num_chunk_splits: 472.
num_chunks_enlarged: 363.
num_inconsistent_stats: 0.

CodeHeap 'non-profiled nmethods': size=120000Kb used=1285Kb max_used=1285Kb free=118714Kb
 bounds [0x0000022bf2910000, 0x0000022bf2b80000, 0x0000022bf9e40000]
CodeHeap 'profiled nmethods': size=120000Kb used=4960Kb max_used=4960Kb free=115039Kb
 bounds [0x0000022beae40000, 0x0000022beb320000, 0x0000022bf2370000]
CodeHeap 'non-nmethods': size=5760Kb used=1246Kb max_used=1281Kb free=4513Kb
 bounds [0x0000022bf2370000, 0x0000022bf25e0000, 0x0000022bf2910000]
 total_blobs=3030 nmethods=2488 adapters=454
 compilation: enabled
              stopped_count=0, restarted_count=0
 full_count=0

Compilation events (20 events):
Event: 2.681 Thread 0x0000022bfe70c640 2470       3       sun.security.provider.MD5::FF (33 bytes)
Event: 2.682 Thread 0x0000022bfe70c640 nmethod 2470 0x0000022beb311910 code [0x0000022beb311aa0, 0x0000022beb311bb8]
Event: 2.682 Thread 0x0000022bfe70c640 2471       3       sun.security.provider.MD5::GG (33 bytes)
Event: 2.682 Thread 0x0000022bfe70c640 nmethod 2471 0x0000022beb311c90 code [0x0000022beb311e20, 0x0000022beb311f38]
Event: 2.682 Thread 0x0000022bfe70c640 2472       3       sun.security.provider.MD5::HH (29 bytes)
Event: 2.682 Thread 0x0000022bfe70c640 nmethod 2472 0x0000022beb312010 code [0x0000022beb3121a0, 0x0000022beb3122b8]
Event: 2.682 Thread 0x0000022bfe70c640 2473       3       sun.security.provider.MD5::II (31 bytes)
Event: 2.682 Thread 0x0000022bfe70c640 nmethod 2473 0x0000022beb312390 code [0x0000022beb312520, 0x0000022beb312638]
Event: 2.682 Thread 0x0000022bfe70c640 2474       3       org.gradle.internal.service.DefaultServiceRegistry$SingletonService::get (5 bytes)
Event: 2.682 Thread 0x0000022bfe70c640 nmethod 2474 0x0000022beb312710 code [0x0000022beb3128a0, 0x0000022beb3129e8]
Event: 2.698 Thread 0x0000022bfe70c640 2477       3       java.lang.invoke.MethodHandles$Lookup$ClassFile::<init> (20 bytes)
Event: 2.698 Thread 0x0000022bfe70c640 nmethod 2477 0x0000022beb312a90 code [0x0000022beb312c40, 0x0000022beb312e78]
Event: 2.698 Thread 0x0000022bfe70c640 2478       3       java.lang.invoke.MethodHandles$Lookup$ClassDefiner::<init> (58 bytes)
Event: 2.698 Thread 0x0000022bfe70c640 nmethod 2478 0x0000022beb312f10 code [0x0000022beb3130c0, 0x0000022beb313358]
Event: 2.699 Thread 0x0000022bfe70c640 2481       3       java.lang.invoke.MethodHandles$Lookup$ClassOption::optionsToFlag (40 bytes)
Event: 2.699 Thread 0x0000022bfe70c640 nmethod 2481 0x0000022beb313490 code [0x0000022beb313660, 0x0000022beb313b68]
Event: 2.699 Thread 0x0000022bfe70c640 2480       3       java.lang.invoke.MethodHandles$Lookup::makeHiddenClassDefiner (42 bytes)
Event: 2.699 Thread 0x0000022bfe70c640 nmethod 2480 0x0000022beb313d10 code [0x0000022beb313fc0, 0x0000022beb314e78]
Event: 3.121 Thread 0x0000022bfe70c640 2482       3       java.util.concurrent.locks.ReentrantLock::unlock (10 bytes)
Event: 3.199 Thread 0x0000022bfe70c640 nmethod 2482 0x0000022beb315390 code [0x0000022beb315560, 0x0000022beb315838]

GC Heap History (6 events):
Event: 0.283 GC heap before
{Heap before GC invocations=0 (full 0):
 garbage-first heap   total 262144K, used 22528K [0x00000000e0000000, 0x0000000100000000)
  region size 1024K, 23 young (23552K), 0 survivors (0K)
 Metaspace       used 896K, committed 1024K, reserved 393216K
  class space    used 68K, committed 128K, reserved 327680K
}
Event: 0.286 GC heap after
{Heap after GC invocations=1 (full 0):
 garbage-first heap   total 262144K, used 1791K [0x00000000e0000000, 0x0000000100000000)
  region size 1024K, 2 young (2048K), 2 survivors (2048K)
 Metaspace       used 896K, committed 1024K, reserved 393216K
  class space    used 68K, committed 128K, reserved 327680K
}
Event: 0.799 GC heap before
{Heap before GC invocations=1 (full 0):
 garbage-first heap   total 262144K, used 39679K [0x00000000e0000000, 0x0000000100000000)
  region size 1024K, 36 young (36864K), 2 survivors (2048K)
 Metaspace       used 4393K, committed 4608K, reserved 393216K
  class space    used 551K, committed 640K, reserved 327680K
}
Event: 0.804 GC heap after
{Heap after GC invocations=2 (full 0):
 garbage-first heap   total 262144K, used 10805K [0x00000000e0000000, 0x0000000100000000)
  region size 1024K, 5 young (5120K), 5 survivors (5120K)
 Metaspace       used 4393K, committed 4608K, reserved 393216K
  class space    used 551K, committed 640K, reserved 327680K
}
Event: 1.327 GC heap before
{Heap before GC invocations=2 (full 0):
 garbage-first heap   total 262144K, used 66101K [0x00000000e0000000, 0x0000000100000000)
  region size 1024K, 57 young (58368K), 5 survivors (5120K)
 Metaspace       used 5106K, committed 5312K, reserved 393216K
  class space    used 674K, committed 768K, reserved 327680K
}
Event: 1.333 GC heap after
{Heap after GC invocations=3 (full 0):
 garbage-first heap   total 262144K, used 16755K [0x00000000e0000000, 0x0000000100000000)
  region size 1024K, 5 young (5120K), 5 survivors (5120K)
 Metaspace       used 5106K, committed 5312K, reserved 393216K
  class space    used 674K, committed 768K, reserved 327680K
}

Dll operation events (15 events):
Event: 0.012 Loaded shared library C:\Program Files\Eclipse Adoptium\jdk-17.0.15.6-hotspot\bin\java.dll
Event: 0.031 Loaded shared library C:\Program Files\Eclipse Adoptium\jdk-17.0.15.6-hotspot\bin\jsvml.dll
Event: 0.077 Loaded shared library C:\Program Files\Eclipse Adoptium\jdk-17.0.15.6-hotspot\bin\zip.dll
Event: 0.079 Loaded shared library C:\Program Files\Eclipse Adoptium\jdk-17.0.15.6-hotspot\bin\instrument.dll
Event: 0.083 Loaded shared library C:\Program Files\Eclipse Adoptium\jdk-17.0.15.6-hotspot\bin\net.dll
Event: 0.085 Loaded shared library C:\Program Files\Eclipse Adoptium\jdk-17.0.15.6-hotspot\bin\nio.dll
Event: 0.087 Loaded shared library C:\Program Files\Eclipse Adoptium\jdk-17.0.15.6-hotspot\bin\zip.dll
Event: 0.264 Loaded shared library C:\Program Files\Eclipse Adoptium\jdk-17.0.15.6-hotspot\bin\jimage.dll
Event: 0.385 Loaded shared library C:\Program Files\Eclipse Adoptium\jdk-17.0.15.6-hotspot\bin\verify.dll
Event: 0.461 Loaded shared library C:\Users\wngpwls\.gradle\native\1def1411415f61bf3af743bc5b6707747c0891f09f0c88961ee8f79bc544acac\windows-amd64\native-platform.dll
Event: 0.478 Loaded shared library C:\Users\wngpwls\.gradle\native\0.2.7\x86_64-windows-gnu\gradle-fileevents.dll
Event: 1.410 Loaded shared library C:\Program Files\Eclipse Adoptium\jdk-17.0.15.6-hotspot\bin\management.dll
Event: 1.413 Loaded shared library C:\Program Files\Eclipse Adoptium\jdk-17.0.15.6-hotspot\bin\management_ext.dll
Event: 1.675 Loaded shared library C:\Program Files\Eclipse Adoptium\jdk-17.0.15.6-hotspot\bin\extnet.dll
Event: 1.872 Loaded shared library C:\Program Files\Eclipse Adoptium\jdk-17.0.15.6-hotspot\bin\sunmscapi.dll

Deoptimization events (20 events):
Event: 2.134 Thread 0x0000022bfeee3650 DEOPT PACKING pc=0x0000022bf295632c sp=0x000000bfdadfbae0
Event: 2.134 Thread 0x0000022bfeee3650 DEOPT UNPACKING pc=0x0000022bf23ca1a3 sp=0x000000bfdadfba70 mode 2
Event: 2.144 Thread 0x0000022bfeee3650 Uncommon trap: trap_request=0xffffff45 fr.pc=0x0000022bf29b4bac relative=0x000000000000028c
Event: 2.144 Thread 0x0000022bfeee3650 Uncommon trap: reason=unstable_if action=reinterpret pc=0x0000022bf29b4bac method=java.util.concurrent.ConcurrentHashMap.get(Ljava/lang/Object;)Ljava/lang/Object; @ 152 c2
Event: 2.144 Thread 0x0000022bfeee3650 DEOPT PACKING pc=0x0000022bf29b4bac sp=0x000000bfdadfb000
Event: 2.144 Thread 0x0000022bfeee3650 DEOPT UNPACKING pc=0x0000022bf23ca1a3 sp=0x000000bfdadfaf78 mode 2
Event: 2.578 Thread 0x0000022bfeee3650 DEOPT PACKING pc=0x0000022beaf216b7 sp=0x000000bfdadfa2c0
Event: 2.578 Thread 0x0000022bfeee3650 DEOPT UNPACKING pc=0x0000022bf23cace3 sp=0x000000bfdadf9758 mode 0
Event: 2.634 Thread 0x0000022bfeee3650 Uncommon trap: trap_request=0xffffff45 fr.pc=0x0000022bf2930694 relative=0x0000000000000ab4
Event: 2.634 Thread 0x0000022bfeee3650 Uncommon trap: reason=unstable_if action=reinterpret pc=0x0000022bf2930694 method=java.io.WinNTFileSystem.resolve(Ljava/lang/String;Ljava/lang/String;)Ljava/lang/String; @ 19 c2
Event: 2.634 Thread 0x0000022bfeee3650 DEOPT PACKING pc=0x0000022bf2930694 sp=0x000000bfdadfab20
Event: 2.634 Thread 0x0000022bfeee3650 DEOPT UNPACKING pc=0x0000022bf23ca1a3 sp=0x000000bfdadfaad8 mode 2
Event: 2.635 Thread 0x0000022bfeee3650 Uncommon trap: trap_request=0xffffff45 fr.pc=0x0000022bf29a57ec relative=0x000000000000062c
Event: 2.635 Thread 0x0000022bfeee3650 Uncommon trap: reason=unstable_if action=reinterpret pc=0x0000022bf29a57ec method=java.io.File.getName()Ljava/lang/String; @ 16 c2
Event: 2.635 Thread 0x0000022bfeee3650 DEOPT PACKING pc=0x0000022bf29a57ec sp=0x000000bfdadfaae0
Event: 2.635 Thread 0x0000022bfeee3650 DEOPT UNPACKING pc=0x0000022bf23ca1a3 sp=0x000000bfdadfaab0 mode 2
Event: 2.684 Thread 0x0000022bfeee3650 Uncommon trap: trap_request=0xffffff45 fr.pc=0x0000022bf29fe178 relative=0x00000000000000d8
Event: 2.684 Thread 0x0000022bfeee3650 Uncommon trap: reason=unstable_if action=reinterpret pc=0x0000022bf29fe178 method=java.util.HashMap.hash(Ljava/lang/Object;)I @ 1 c2
Event: 2.684 Thread 0x0000022bfeee3650 DEOPT PACKING pc=0x0000022bf29fe178 sp=0x000000bfdadfbb60
Event: 2.684 Thread 0x0000022bfeee3650 DEOPT UNPACKING pc=0x0000022bf23ca1a3 sp=0x000000bfdadfbaa0 mode 2

Classes loaded (20 events):
Event: 2.457 Loading class java/util/concurrent/LinkedBlockingDeque$Node
Event: 2.457 Loading class java/util/concurrent/LinkedBlockingDeque$Node done
Event: 2.615 Loading class sun/security/provider/MD5
Event: 2.615 Loading class sun/security/provider/MD5 done
Event: 2.615 Loading class sun/security/provider/SHA5$SHA512
Event: 2.615 Loading class sun/security/provider/SHA5
Event: 2.616 Loading class sun/security/provider/SHA5 done
Event: 2.616 Loading class sun/security/provider/SHA5$SHA512 done
Event: 2.616 Loading class sun/security/provider/ByteArrayAccess$LE
Event: 2.616 Loading class sun/security/provider/ByteArrayAccess$LE done
Event: 2.634 Loading class java/io/File$TempDirectory
Event: 2.634 Loading class java/io/File$TempDirectory done
Event: 2.661 Loading class java/util/concurrent/Semaphore
Event: 2.661 Loading class java/util/concurrent/Semaphore done
Event: 2.662 Loading class java/nio/file/FileVisitOption
Event: 2.663 Loading class java/nio/file/FileVisitOption done
Event: 2.665 Loading class java/util/stream/ReduceOps$1
Event: 2.666 Loading class java/util/stream/ReduceOps$1 done
Event: 2.666 Loading class java/util/stream/ReduceOps$1ReducingSink
Event: 2.666 Loading class java/util/stream/ReduceOps$1ReducingSink done

Classes unloaded (0 events):
No events

Classes redefined (0 events):
No events

Internal exceptions (20 events):
Event: 1.842 Thread 0x0000022be1aea7e0 Implicit null exception at 0x0000022bf296d7f2 to 0x0000022bf296de48
Event: 1.845 Thread 0x0000022be1aea7e0 Exception <a 'java/lang/NoSuchMethodError'{0x00000000eefca8c0}: 'java.lang.Object java.lang.invoke.DirectMethodHandle$Holder.newInvokeSpecial(java.lang.Object, java.lang.Object, java.lang.Object, java.lang.Object, java.lang.Object)'> (0x00000000eefca8c0) 
thrown [s\src\hotspot\share\interpreter\linkResolver.cpp, line 759]
Event: 1.964 Thread 0x0000022bfedf9af0 Exception <a 'java/lang/NoSuchMethodError'{0x00000000eec78828}: 'void java.lang.invoke.DirectMethodHandle$Holder.invokeSpecial(java.lang.Object, java.lang.Object, java.lang.Object)'> (0x00000000eec78828) 
thrown [s\src\hotspot\share\interpreter\linkResolver.cpp, line 759]
Event: 2.013 Thread 0x0000022bfeee3650 Exception <a 'java/lang/NoSuchMethodError'{0x00000000ee529588}: 'long java.lang.invoke.DirectMethodHandle$Holder.invokeInterface(java.lang.Object, java.lang.Object)'> (0x00000000ee529588) 
thrown [s\src\hotspot\share\interpreter\linkResolver.cpp, line 759]
Event: 2.091 Thread 0x0000022bfeee3650 Exception <a 'java/lang/NoSuchMethodError'{0x00000000ee192158}: 'void java.lang.invoke.DirectMethodHandle$Holder.invokeStatic(java.lang.Object, java.lang.Object)'> (0x00000000ee192158) 
thrown [s\src\hotspot\share\interpreter\linkResolver.cpp, line 759]
Event: 2.153 Thread 0x0000022bfeee3650 Exception <a 'java/lang/NoSuchMethodError'{0x00000000ede27eb0}: 'int java.lang.invoke.DirectMethodHandle$Holder.invokeVirtual(java.lang.Object, java.lang.Object, java.lang.Object)'> (0x00000000ede27eb0) 
thrown [s\src\hotspot\share\interpreter\linkResolver.cpp, line 759]
Event: 2.199 Thread 0x0000022bfeee3650 Exception <a 'java/lang/NoSuchMethodError'{0x00000000edcd2d88}: 'java.lang.Object java.lang.invoke.DirectMethodHandle$Holder.newInvokeSpecial(java.lang.Object, java.lang.Object, java.lang.Object, java.lang.Object, java.lang.Object, java.lang.Object)'> (0x00000000edcd2d88) 
thrown [s\src\hotspot\share\interpreter\linkResolver.cpp, line 759]
Event: 2.256 Thread 0x0000022bfeee3650 Exception <a 'java/lang/NoSuchMethodError'{0x00000000ed9ddaa8}: 'void java.lang.invoke.DelegatingMethodHandle$Holder.reinvoke_L(java.lang.Object, java.lang.Object, java.lang.Object, java.lang.Object, java.lang.Object, java.lang.Object, java.lang.Object, java.lang.Object, java.lang.Object, java.lang.Object)'> (0x00000000ed9ddaa8) 
thrown [s\src\hotspot\share\interpreter\linkResolver.cpp, line 759]
Event: 2.257 Thread 0x0000022bfeee3650 Exception <a 'java/lang/NoSuchMethodError'{0x00000000ed9e5f18}: 'java.lang.Object java.lang.invoke.DirectMethodHandle$Holder.invokeSpecial(java.lang.Object, java.lang.Object, java.lang.Object, java.lang.Object, java.lang.Object, java.lang.Object, java.lang.Object, java.lang.Object, java.lang.Object, java.lang.Object)'> (0x00000000ed9e5f18) 
thrown [s\src\hotspot\share\interpreter\linkResolver.cpp, line 759]
Event: 2.257 Thread 0x0000022bfeee3650 Exception <a 'java/lang/NoSuchMethodError'{0x00000000ed9ea7e8}: 'java.lang.Object java.lang.invoke.Invokers$Holder.invoker(java.lang.Object, java.lang.Object, java.lang.Object, java.lang.Object, java.lang.Object, java.lang.Object, java.lang.Object, java.lang.Object, java.lang.Object, java.lang.Object)'> (0x00000000ed9ea7e8) 
thrown [s\src\hotspot\share\interpreter\linkResolver.cpp, line 759]
Event: 2.258 Thread 0x0000022bfeee3650 Exception <a 'java/lang/NoSuchMethodError'{0x00000000ed9f03f0}: 'java.lang.Object java.lang.invoke.DirectMethodHandle$Holder.invokeSpecial(java.lang.Object, java.lang.Object, java.lang.Object, java.lang.Object, java.lang.Object, java.lang.Object, java.lang.Object, java.lang.Object, java.lang.Object, java.lang.Object, java.lang.Object)'> (0x00000000ed9f03f0) 
thrown [s\src\hotspot\share\interpreter\linkResolver.cpp, line 759]
Event: 2.402 Thread 0x0000022bfeee3650 Exception <a 'java/lang/NoSuchMethodError'{0x00000000ed032688}: 'java.lang.Object java.lang.invoke.DirectMethodHandle$Holder.newInvokeSpecial(java.lang.Object, java.lang.Object, int)'> (0x00000000ed032688) 
thrown [s\src\hotspot\share\interpreter\linkResolver.cpp, line 759]
Event: 2.643 Thread 0x0000022bfeee3650 Exception <a 'java/lang/NoSuchMethodError'{0x00000000ecb904d0}: 'void java.lang.invoke.DirectMethodHandle$Holder.invokeStatic(java.lang.Object, java.lang.Object, java.lang.Object, java.lang.Object)'> (0x00000000ecb904d0) 
thrown [s\src\hotspot\share\interpreter\linkResolver.cpp, line 759]
Event: 2.644 Thread 0x0000022bfeee3650 Exception <a 'java/lang/NoSuchMethodError'{0x00000000ecb94970}: 'void java.lang.invoke.DirectMethodHandle$Holder.invokeStaticInit(java.lang.Object, java.lang.Object, java.lang.Object, java.lang.Object)'> (0x00000000ecb94970) 
thrown [s\src\hotspot\share\interpreter\linkResolver.cpp, line 759]
Event: 2.651 Thread 0x0000022bfeee3650 Exception <a 'java/lang/NoSuchMethodError'{0x00000000ecbf3be0}: 'java.lang.Object java.lang.invoke.DirectMethodHandle$Holder.invokeInterface(java.lang.Object, java.lang.Object, java.lang.Object)'> (0x00000000ecbf3be0) 
thrown [s\src\hotspot\share\interpreter\linkResolver.cpp, line 759]
Event: 2.664 Thread 0x0000022bfeee3650 Exception <a 'java/lang/NoSuchMethodError'{0x00000000ecadd268}: 'int java.lang.invoke.DirectMethodHandle$Holder.invokeSpecialIFC(java.lang.Object, java.lang.Object, java.lang.Object, java.lang.Object)'> (0x00000000ecadd268) 
thrown [s\src\hotspot\share\interpreter\linkResolver.cpp, line 759]
Event: 2.665 Thread 0x0000022bfeee3650 Exception <a 'java/lang/IncompatibleClassChangeError'{0x00000000ecaebfd0}: Found class java.lang.Object, but interface was expected> (0x00000000ecaebfd0) 
thrown [s\src\hotspot\share\interpreter\linkResolver.cpp, line 826]
Event: 2.684 Thread 0x0000022bfeee3650 Implicit null exception at 0x0000022bf29fe0d8 to 0x0000022bf29fe16e
Event: 2.698 Thread 0x0000022bfeee3650 Exception <a 'java/lang/NoSuchMethodError'{0x00000000ec8f8d30}: 'int java.lang.invoke.DirectMethodHandle$Holder.invokeStatic(java.lang.Object, java.lang.Object, java.lang.Object, java.lang.Object)'> (0x00000000ec8f8d30) 
thrown [s\src\hotspot\share\interpreter\linkResolver.cpp, line 759]
Event: 2.698 Thread 0x0000022bfeee3650 Exception <a 'java/lang/NoSuchMethodError'{0x00000000ec8fcc00}: 'java.lang.Object java.lang.invoke.Invokers$Holder.invokeExact_MT(java.lang.Object, java.lang.Object, java.lang.Object, java.lang.Object, java.lang.Object, java.lang.Object)'> (0x00000000ec8fcc00) 
thrown [s\src\hotspot\share\interpreter\linkResolver.cpp, line 759]

VM Operations (20 events):
Event: 1.387 Executing VM operation: HandshakeAllThreads
Event: 1.387 Executing VM operation: HandshakeAllThreads done
Event: 1.426 Executing VM operation: HandshakeAllThreads
Event: 1.426 Executing VM operation: HandshakeAllThreads done
Event: 1.462 Executing VM operation: HandshakeAllThreads
Event: 1.462 Executing VM operation: HandshakeAllThreads done
Event: 1.673 Executing VM operation: HandshakeAllThreads
Event: 1.673 Executing VM operation: HandshakeAllThreads done
Event: 1.709 Executing VM operation: HandshakeAllThreads
Event: 1.709 Executing VM operation: HandshakeAllThreads done
Event: 1.723 Executing VM operation: HandshakeAllThreads
Event: 1.723 Executing VM operation: HandshakeAllThreads done
Event: 1.776 Executing VM operation: HandshakeAllThreads
Event: 1.776 Executing VM operation: HandshakeAllThreads done
Event: 1.875 Executing VM operation: HandshakeAllThreads
Event: 1.875 Executing VM operation: HandshakeAllThreads done
Event: 2.014 Executing VM operation: ICBufferFull
Event: 2.014 Executing VM operation: ICBufferFull done
Event: 3.029 Executing VM operation: Cleanup
Event: 3.029 Executing VM operation: Cleanup done

Memory protections (0 events):
No events

Nmethod flushes (0 events):
No events

Events (20 events):
Event: 0.049 Thread 0x0000022be1aea7e0 Thread added: 0x0000022bfe710f60
Event: 0.062 Thread 0x0000022be1aea7e0 Thread added: 0x0000022bfe6328a0
Event: 0.093 Thread 0x0000022be1aea7e0 Thread added: 0x0000022bfe8be1f0
Event: 0.151 Thread 0x0000022bfe70c640 Thread added: 0x0000022bfe98bbd0
Event: 0.259 Thread 0x0000022bfe70c640 Thread added: 0x0000022bfe9b6e20
Event: 1.063 Thread 0x0000022bfe9b6e20 Thread exited: 0x0000022bfe9b6e20
Event: 1.443 Thread 0x0000022be1aea7e0 Thread added: 0x0000022b99132bf0
Event: 1.796 Thread 0x0000022be1aea7e0 Thread added: 0x0000022b99768d80
Event: 1.848 Thread 0x0000022be1aea7e0 Thread added: 0x0000022b9a189d70
Event: 1.924 Thread 0x0000022b99768d80 Thread added: 0x0000022bfedf9af0
Event: 1.926 Thread 0x0000022bfedf9af0 Thread added: 0x0000022b9950e270
Event: 1.959 Thread 0x0000022bfedf9af0 Thread added: 0x0000022bfeee3140
Event: 1.965 Thread 0x0000022bfedf9af0 Thread added: 0x0000022bfeee3650
Event: 1.973 Thread 0x0000022bfeee3650 Thread added: 0x0000022bfeee2c30
Event: 1.976 Thread 0x0000022bfeee3650 Thread added: 0x0000022bfeedfea0
Event: 1.978 Thread 0x0000022bfeee3650 Thread added: 0x0000022bfeee08c0
Event: 2.401 Thread 0x0000022bfeee3650 Thread added: 0x0000022bfeee03b0
Event: 2.410 Thread 0x0000022bfeee3650 Thread added: 0x0000022bfeee0dd0
Event: 2.456 Thread 0x0000022bfe98bbd0 Thread exited: 0x0000022bfe98bbd0
Event: 2.593 Thread 0x0000022bfeee3650 Thread added: 0x0000022bfeee12e0


Dynamic libraries:
0x00007ff7604b0000 - 0x00007ff7604be000 	C:\Program Files\Eclipse Adoptium\jdk-17.0.15.6-hotspot\bin\java.exe
0x00007fff6c880000 - 0x00007fff6cae8000 	C:\WINDOWS\SYSTEM32\ntdll.dll
0x00007fff6bdb0000 - 0x00007fff6be79000 	C:\WINDOWS\System32\KERNEL32.DLL
0x00007fff69f80000 - 0x00007fff6a378000 	C:\WINDOWS\System32\KERNELBASE.dll
0x00007fff6a4d0000 - 0x00007fff6a61b000 	C:\WINDOWS\System32\ucrtbase.dll
0x00007fff666d0000 - 0x00007fff666ee000 	C:\Program Files\Eclipse Adoptium\jdk-17.0.15.6-hotspot\bin\VCRUNTIME140.dll
0x00007fff5b370000 - 0x00007fff5b387000 	C:\Program Files\Eclipse Adoptium\jdk-17.0.15.6-hotspot\bin\jli.dll
0x00007fff6c030000 - 0x00007fff6c1f7000 	C:\WINDOWS\System32\USER32.dll
0x00007fff699d0000 - 0x00007fff699f7000 	C:\WINDOWS\System32\win32u.dll
0x00007fff6c810000 - 0x00007fff6c83b000 	C:\WINDOWS\System32\GDI32.dll
0x00007fff50ae0000 - 0x00007fff50d74000 	C:\WINDOWS\WinSxS\amd64_microsoft.windows.common-controls_6595b64144ccf1df_6.0.26100.7019_none_3e06ffa0e335b8a8\COMCTL32.dll
0x00007fff69c20000 - 0x00007fff69d4c000 	C:\WINDOWS\System32\gdi32full.dll
0x00007fff6c310000 - 0x00007fff6c3b9000 	C:\WINDOWS\System32\msvcrt.dll
0x00007fff69d50000 - 0x00007fff69df3000 	C:\WINDOWS\System32\msvcp_win.dll
0x00007fff6ae00000 - 0x00007fff6ae31000 	C:\WINDOWS\System32\IMM32.DLL
0x00007fff5a460000 - 0x00007fff5a46c000 	C:\Program Files\Eclipse Adoptium\jdk-17.0.15.6-hotspot\bin\vcruntime140_1.dll
0x00007fff22ff0000 - 0x00007fff2307d000 	C:\Program Files\Eclipse Adoptium\jdk-17.0.15.6-hotspot\bin\msvcp140.dll
0x00007ffee1db0000 - 0x00007ffee2a1b000 	C:\Program Files\Eclipse Adoptium\jdk-17.0.15.6-hotspot\bin\server\jvm.dll
0x00007fff6c750000 - 0x00007fff6c804000 	C:\WINDOWS\System32\ADVAPI32.dll
0x00007fff6ab80000 - 0x00007fff6ac26000 	C:\WINDOWS\System32\sechost.dll
0x00007fff6be80000 - 0x00007fff6bf98000 	C:\WINDOWS\System32\RPCRT4.dll
0x00007fff6bd30000 - 0x00007fff6bda4000 	C:\WINDOWS\System32\WS2_32.dll
0x00007fff69830000 - 0x00007fff6988e000 	C:\WINDOWS\SYSTEM32\POWRPROF.dll
0x00007fff5ae20000 - 0x00007fff5ae2b000 	C:\WINDOWS\SYSTEM32\VERSION.dll
0x00007fff62130000 - 0x00007fff62165000 	C:\WINDOWS\SYSTEM32\WINMM.dll
0x00007fff69810000 - 0x00007fff69824000 	C:\WINDOWS\SYSTEM32\UMPDC.dll
0x00007fff68760000 - 0x00007fff6877b000 	C:\WINDOWS\SYSTEM32\kernel.appcore.dll
0x00007fff55a20000 - 0x00007fff55a2a000 	C:\Program Files\Eclipse Adoptium\jdk-17.0.15.6-hotspot\bin\jimage.dll
0x00007fff67140000 - 0x00007fff67382000 	C:\WINDOWS\SYSTEM32\DBGHELP.DLL
0x00007fff6c3c0000 - 0x00007fff6c74b000 	C:\WINDOWS\System32\combase.dll
0x00007fff6b5e0000 - 0x00007fff6b6b7000 	C:\WINDOWS\System32\OLEAUT32.dll
0x00007fff2dba0000 - 0x00007fff2dbdc000 	C:\WINDOWS\SYSTEM32\dbgcore.DLL
0x00007fff69a00000 - 0x00007fff69aa5000 	C:\WINDOWS\System32\bcryptPrimitives.dll
0x00007fff55a10000 - 0x00007fff55a1e000 	C:\Program Files\Eclipse Adoptium\jdk-17.0.15.6-hotspot\bin\instrument.dll
0x00007fff30f70000 - 0x00007fff30f95000 	C:\Program Files\Eclipse Adoptium\jdk-17.0.15.6-hotspot\bin\java.dll
0x00007fff22650000 - 0x00007fff22727000 	C:\Program Files\Eclipse Adoptium\jdk-17.0.15.6-hotspot\bin\jsvml.dll
0x00007fff6ae50000 - 0x00007fff6b59f000 	C:\WINDOWS\System32\SHELL32.dll
0x00007fff69ab0000 - 0x00007fff69c1b000 	C:\WINDOWS\System32\wintypes.dll
0x00007fff675b0000 - 0x00007fff67e0d000 	C:\WINDOWS\SYSTEM32\windows.storage.dll
0x00007fff6bc30000 - 0x00007fff6bd22000 	C:\WINDOWS\System32\SHCORE.dll
0x00007fff6ac40000 - 0x00007fff6aca7000 	C:\WINDOWS\System32\shlwapi.dll
0x00007fff698f0000 - 0x00007fff69919000 	C:\WINDOWS\SYSTEM32\profapi.dll
0x00007fff37510000 - 0x00007fff37528000 	C:\Program Files\Eclipse Adoptium\jdk-17.0.15.6-hotspot\bin\zip.dll
0x00007fff30aa0000 - 0x00007fff30ab9000 	C:\Program Files\Eclipse Adoptium\jdk-17.0.15.6-hotspot\bin\net.dll
0x00007fff63710000 - 0x00007fff63838000 	C:\WINDOWS\SYSTEM32\WINHTTP.dll
0x00007fff68d00000 - 0x00007fff68d6b000 	C:\WINDOWS\system32\mswsock.dll
0x00007fff2f2f0000 - 0x00007fff2f306000 	C:\Program Files\Eclipse Adoptium\jdk-17.0.15.6-hotspot\bin\nio.dll
0x00007fff559a0000 - 0x00007fff559b0000 	C:\Program Files\Eclipse Adoptium\jdk-17.0.15.6-hotspot\bin\verify.dll
0x00007fff3bf00000 - 0x00007fff3bf27000 	C:\Users\wngpwls\.gradle\native\1def1411415f61bf3af743bc5b6707747c0891f09f0c88961ee8f79bc544acac\windows-amd64\native-platform.dll
0x00007fff23900000 - 0x00007fff23978000 	C:\Users\wngpwls\.gradle\native\0.2.7\x86_64-windows-gnu\gradle-fileevents.dll
0x00007fff55980000 - 0x00007fff5598a000 	C:\Program Files\Eclipse Adoptium\jdk-17.0.15.6-hotspot\bin\management.dll
0x00007fff55120000 - 0x00007fff5512b000 	C:\Program Files\Eclipse Adoptium\jdk-17.0.15.6-hotspot\bin\management_ext.dll
0x00007fff6acb0000 - 0x00007fff6acb8000 	C:\WINDOWS\System32\PSAPI.DLL
0x00007fff68140000 - 0x00007fff68174000 	C:\WINDOWS\SYSTEM32\IPHLPAPI.DLL
0x00007fff6c300000 - 0x00007fff6c30a000 	C:\WINDOWS\System32\NSI.dll
0x00007fff640b0000 - 0x00007fff640ce000 	C:\WINDOWS\SYSTEM32\dhcpcsvc6.DLL
0x00007fff63d30000 - 0x00007fff63d53000 	C:\WINDOWS\SYSTEM32\dhcpcsvc.DLL
0x00007fff681d0000 - 0x00007fff682fc000 	C:\WINDOWS\SYSTEM32\DNSAPI.dll
0x00007fff523c0000 - 0x00007fff523c9000 	C:\Program Files\Eclipse Adoptium\jdk-17.0.15.6-hotspot\bin\extnet.dll
0x00007fff68fc0000 - 0x00007fff68fdb000 	C:\WINDOWS\SYSTEM32\CRYPTSP.dll
0x00007fff686c0000 - 0x00007fff686fa000 	C:\WINDOWS\system32\rsaenh.dll
0x00007fff68db0000 - 0x00007fff68ddb000 	C:\WINDOWS\SYSTEM32\USERENV.dll
0x00007fff698c0000 - 0x00007fff698ea000 	C:\WINDOWS\SYSTEM32\bcrypt.dll
0x00007fff68fe0000 - 0x00007fff68fec000 	C:\WINDOWS\SYSTEM32\CRYPTBASE.dll
0x00007fff38c70000 - 0x00007fff38c7e000 	C:\Program Files\Eclipse Adoptium\jdk-17.0.15.6-hotspot\bin\sunmscapi.dll
0x00007fff69e00000 - 0x00007fff69f77000 	C:\WINDOWS\System32\CRYPT32.dll
0x00007fff691e0000 - 0x00007fff69210000 	C:\WINDOWS\SYSTEM32\ncrypt.dll
0x00007fff69190000 - 0x00007fff691cf000 	C:\WINDOWS\SYSTEM32\NTASN1.dll
0x00007ffeee510000 - 0x00007ffeee518000 	C:\WINDOWS\system32\wshunix.dll

dbghelp: loaded successfully - version: 4.0.5 - missing functions: none
symbol engine: initialized successfully - sym options: 0x614 - pdb path: .;C:\Program Files\Eclipse Adoptium\jdk-17.0.15.6-hotspot\bin;C:\WINDOWS\SYSTEM32;C:\WINDOWS\WinSxS\amd64_microsoft.windows.common-controls_6595b64144ccf1df_6.0.26100.7019_none_3e06ffa0e335b8a8;C:\Program Files\Eclipse Adoptium\jdk-17.0.15.6-hotspot\bin\server;C:\Users\wngpwls\.gradle\native\1def1411415f61bf3af743bc5b6707747c0891f09f0c88961ee8f79bc544acac\windows-amd64;C:\Users\wngpwls\.gradle\native\0.2.7\x86_64-windows-gnu

VM Arguments:
jvm_args: --add-opens=java.base/java.lang=ALL-UNNAMED --add-opens=java.base/java.lang.invoke=ALL-UNNAMED --add-opens=java.base/java.util=ALL-UNNAMED --add-opens=java.prefs/java.util.prefs=ALL-UNNAMED --add-exports=jdk.compiler/com.sun.tools.javac.api=ALL-UNNAMED --add-exports=jdk.compiler/com.sun.tools.javac.util=ALL-UNNAMED --add-opens=java.base/java.util=ALL-UNNAMED --add-opens=java.prefs/java.util.prefs=ALL-UNNAMED --add-opens=java.base/java.nio.charset=ALL-UNNAMED --add-opens=java.base/java.net=ALL-UNNAMED --add-opens=java.base/java.util.concurrent.atomic=ALL-UNNAMED --add-opens=java.xml/javax.xml.namespace=ALL-UNNAMED -XX:MaxMetaspaceSize=384m -XX:+HeapDumpOnOutOfMemoryError -Xms256m -Xmx512m -Dfile.encoding=x-windows-949 -Duser.country=KR -Duser.language=ko -Duser.variant -javaagent:C:\Users\wngpwls\.gradle\wrapper\dists\gradle-8.14.3-bin\cv11ve7ro1n3o1j4so8xd9n66\gradle-8.14.3\lib\agents\gradle-instrumentation-agent-8.14.3.jar 
java_command: org.gradle.launcher.daemon.bootstrap.GradleDaemon 8.14.3
java_class_path (initial): C:\Users\wngpwls\.gradle\wrapper\dists\gradle-8.14.3-bin\cv11ve7ro1n3o1j4so8xd9n66\gradle-8.14.3\lib\gradle-daemon-main-8.14.3.jar
Launcher Type: SUN_STANDARD

[Global flags]
     intx CICompilerCount                          = 4                                         {product} {ergonomic}
   size_t CompressedClassSpaceSize                 = 335544320                                 {product} {ergonomic}
     uint ConcGCThreads                            = 2                                         {product} {ergonomic}
     uint G1ConcRefinementThreads                  = 8                                         {product} {ergonomic}
   size_t G1HeapRegionSize                         = 1048576                                   {product} {ergonomic}
    uintx GCDrainStackTargetSize                   = 64                                        {product} {ergonomic}
     bool HeapDumpOnOutOfMemoryError               = true                                   {manageable} {command line}
   size_t InitialHeapSize                          = 268435456                                 {product} {command line}
   size_t MarkStackSize                            = 4194304                                   {product} {ergonomic}
   size_t MaxHeapSize                              = 536870912                                 {product} {command line}
   size_t MaxMetaspaceSize                         = 402653184                                 {product} {command line}
   size_t MaxNewSize                               = 321912832                                 {product} {ergonomic}
   size_t MinHeapDeltaBytes                        = 1048576                                   {product} {ergonomic}
   size_t MinHeapSize                              = 268435456                                 {product} {command line}
    uintx NonNMethodCodeHeapSize                   = 5839372                                {pd product} {ergonomic}
    uintx NonProfiledCodeHeapSize                  = 122909434                              {pd product} {ergonomic}
    uintx ProfiledCodeHeapSize                     = 122909434                              {pd product} {ergonomic}
    uintx ReservedCodeCacheSize                    = 251658240                              {pd product} {ergonomic}
     bool SegmentedCodeCache                       = true                                      {product} {ergonomic}
   size_t SoftMaxHeapSize                          = 536870912                              {manageable} {ergonomic}
     bool UseCompressedClassPointers               = true                           {product lp64_product} {ergonomic}
     bool UseCompressedOops                        = true                           {product lp64_product} {ergonomic}
     bool UseG1GC                                  = true                                      {product} {ergonomic}
     bool UseLargePagesIndividualAllocation        = false                                  {pd product} {ergonomic}

Logging:
Log output configuration:
 #0: stdout all=warning uptime,level,tags
 #1: stderr all=off uptime,level,tags

Environment Variables:
JAVA_HOME=C:\Program Files\Eclipse Adoptium\jdk-17.0.15.6-hotspot
PATH=C:\Program Files\Eclipse Adoptium\jdk-17.0.15.6-hotspot\bin;C:\app\wngpwls\product\21c\dbhomeXE\bin;D:\Oracle\bin;C:\windows\system32;C:\windows;C:\windows\System32\Wbem;C:\windows\System32\WindowsPowerShell\v1.0\;C:\windows\System32\OpenSSH\;C:\Program Files (x86)\NVIDIA Corporation\PhysX\Common;C:\Program Files (x86)\Windows Kits\10\Windows Performance Toolkit\;C:\Program Files\Bandizip\;D:\Program\Git\cmd;C:\Program Files\NVIDIA Corporation\NVIDIA App\NvDLISR;C:\Program Files\nodejs\;%SystemRoot%\system32;%SystemRoot%;%SystemRoot%\System32\Wbem;%SYSTEMROOT%\System32\WindowsPowerShell\v1.0\;%SYSTEMROOT%\System32\OpenSSH\;C:\Users\wngpwls\AppData\Local\Programs\Python\Python313\Scripts\;C:\Users\wngpwls\AppData\Local\Programs\Python\Python313\;C:\Users\wngpwls\AppData\Local\Programs\Python\Launcher\;C:\Users\wngpwls\AppData\Local\Microsoft\WindowsApps;C:\Users\wngpwls\AppData\Local\Programs\Microsoft VS Code\bin;C:\Program Files\Eclipse Adoptium\jdk-17.0.15.6-hotspot\bin;C:\Program Files\JetBrains\IntelliJ IDEA Community Edition 2025.1.3\bin;;D:\Program Files\PostgreSQL\17\bin;D:\Program Files\Tesseract-OCR;D:\ffmpeg\bin;C:\Users\wngpwls\AppData\Roaming\npm;
USERNAME=wngpwls
OS=Windows_NT
PROCESSOR_IDENTIFIER=Intel64 Family 6 Model 140 Stepping 1, GenuineIntel
TMP=C:\Users\wngpwls\AppData\Local\Temp
TEMP=C:\Users\wngpwls\AppData\Local\Temp



Periodic native trim disabled


---------------  S Y S T E M  ---------------

OS:
 Windows 11 , 64 bit Build 26100 (10.0.26100.7019)
OS uptime: 2 days 0:25 hours
Hyper-V role detected

CPU: total 8 (initial active 8) (4 cores per cpu, 2 threads per core) family 6 model 140 stepping 1 microcode 0xb4, cx8, cmov, fxsr, ht, mmx, 3dnowpref, sse, sse2, sse3, ssse3, sse4.1, sse4.2, popcnt, lzcnt, tsc, tscinvbit, avx, avx2, aes, erms, clmul, bmi1, bmi2, adx, avx512f, avx512dq, avx512cd, avx512bw, avx512vl, sha, fma, vzeroupper, avx512_vpopcntdq, avx512_vpclmulqdq, avx512_vaes, avx512_vnni, clflush, clflushopt, clwb, avx512_vbmi2, avx512_vbmi, hv
Processor Information for all 8 processors :
  Max Mhz: 2803, Current Mhz: 2803, Mhz Limit: 2803

Memory: 4k page, system-wide physical 7864M (1075M free)
TotalPageFile size 32440M (AvailPageFile size 39M)
current process WorkingSet (physical memory assigned to process): 183M, peak: 183M
current process commit charge ("private bytes"): 408M, peak: 409M

vm_info: OpenJDK 64-Bit Server VM (17.0.15+6) for windows-amd64 JRE (17.0.15+6), built on Apr 15 2025 21:25:47 by "admin" with MS VC++ 17.7 (VS2022)

END.
